---------------------------------------------------------------
[ 2020-09-03T00:25:46+08:00 ] 127.0.0.1 GET /
[ info ] www.qua.com/ [运行时间：0.195542s][吞吐率：5.11req/s] [内存消耗：1,773.10kb] [文件加载：85]
[ info ] [ LANG ] D:\www\quantumex\thinkphp/lang/zh-cn.php
[ info ] [ BIND ] 'index'
[ info ] [ ROUTE ] array (
)
[ info ] [ HEADER ] array (
  'cookie' => 'thinkphp_show_page_trace=0|0; PHPSESSID=2m4n427kabfdv7p4037oa44hv6',
  'accept-language' => 'zh-CN,zh;q=0.9',
  'accept-encoding' => 'gzip, deflate',
  'accept' => 'text/html,application/xhtml+xml,application/xml;q=0.9,image/webp,image/apng,*/*;q=0.8,application/signed-exchange;v=b3;q=0.9',
  'user-agent' => 'Mozilla/5.0 (Windows NT 10.0; Win64; x64) AppleWebKit/537.36 (KHTML, like Gecko) Chrome/84.0.4147.125 Safari/537.36',
  'upgrade-insecure-requests' => '1',
  'cache-control' => 'max-age=0',
  'connection' => 'keep-alive',
  'host' => 'www.qua.com',
  'content-length' => '',
  'content-type' => '',
)
[ info ] [ PARAM ] array (
)
[ info ] [ CACHE ] INIT File
[ info ] [ BEHAVIOR ] Run app\common\behavior\Base->run @app_begin [ RunTime:0.024602s ]
[ info ] [ DB ] INIT mysql
[ info ] [ VIEW ] ./themes/default/index\index.html [ array (
  0 => 'langUrl',
  1 => 'langTxt',
  2 => 'config',
  3 => 'dataList',
) ]
[ info ] [ LOG ] INIT File
[ sql ] [ DB ] CONNECT:[ UseTime:0.023894s ] mysql:host=127.0.0.1;port=3306;dbname=quantumex;charset=utf8
[ sql ] [ SQL ] SHOW COLUMNS FROM `max_system` [ RunTime:0.025317s ]
[ sql ] [ SQL ] SELECT `name`,`value` FROM `max_system` [ RunTime:0.001211s ]
---------------------------------------------------------------
[ 2020-09-03T00:54:25+08:00 ] 127.0.0.1 GET /
[ info ] www.qua.com/ [运行时间：0.071279s][吞吐率：14.03req/s] [内存消耗：1,773.12kb] [文件加载：85]
[ info ] [ LANG ] D:\www\quantumex\thinkphp/lang/zh-cn.php
[ info ] [ BIND ] 'index'
[ info ] [ ROUTE ] array (
)
[ info ] [ HEADER ] array (
  'cookie' => 'thinkphp_show_page_trace=0|0; PHPSESSID=2m4n427kabfdv7p4037oa44hv6',
  'accept-language' => 'zh-CN,zh;q=0.9',
  'accept-encoding' => 'gzip, deflate',
  'accept' => 'text/html,application/xhtml+xml,application/xml;q=0.9,image/webp,image/apng,*/*;q=0.8,application/signed-exchange;v=b3;q=0.9',
  'user-agent' => 'Mozilla/5.0 (Windows NT 10.0; Win64; x64) AppleWebKit/537.36 (KHTML, like Gecko) Chrome/84.0.4147.125 Safari/537.36',
  'upgrade-insecure-requests' => '1',
  'cache-control' => 'max-age=0',
  'connection' => 'keep-alive',
  'host' => 'www.qua.com',
  'content-length' => '',
  'content-type' => '',
)
[ info ] [ PARAM ] array (
)
[ info ] [ CACHE ] INIT File
[ info ] [ BEHAVIOR ] Run app\common\behavior\Base->run @app_begin [ RunTime:0.008486s ]
[ info ] [ DB ] INIT mysql
[ info ] [ VIEW ] ./themes/default/index\index.html [ array (
  0 => 'langUrl',
  1 => 'langTxt',
  2 => 'config',
  3 => 'dataList',
) ]
[ info ] [ LOG ] INIT File
[ sql ] [ DB ] CONNECT:[ UseTime:0.007863s ] mysql:host=127.0.0.1;port=3306;dbname=quantumex;charset=utf8
[ sql ] [ SQL ] SHOW COLUMNS FROM `max_system` [ RunTime:0.010061s ]
[ sql ] [ SQL ] SELECT `name`,`value` FROM `max_system` [ RunTime:0.000762s ]
---------------------------------------------------------------
[ 2020-09-03T00:57:30+08:00 ] 127.0.0.1 GET /admin.php/menu/edit/id/14.html
[ info ] www.qua.com/admin.php/menu/edit/id/14.html [运行时间：0.094308s][吞吐率：10.60req/s] [内存消耗：2,063.67kb] [文件加载：92]
[ info ] [ LANG ] D:\www\quantumex\thinkphp/lang/zh-cn.php
[ info ] [ BIND ] 'admin'
[ info ] [ ROUTE ] array (
)
[ info ] [ HEADER ] array (
  'cookie' => 'thinkphp_show_page_trace=0|0; thinkphp_show_page_trace=0|0; thinkphp_show_page_trace=0|0; PHPSESSID=2m4n427kabfdv7p4037oa44hv6',
  'accept-language' => 'zh-CN,zh;q=0.9',
  'accept-encoding' => 'gzip, deflate',
  'referer' => 'http://www.qua.com/admin.php/menu/edit/id/14.html',
  'accept' => 'text/html,application/xhtml+xml,application/xml;q=0.9,image/webp,image/apng,*/*;q=0.8,application/signed-exchange;v=b3;q=0.9',
  'user-agent' => 'Mozilla/5.0 (Windows NT 10.0; Win64; x64) AppleWebKit/537.36 (KHTML, like Gecko) Chrome/84.0.4147.125 Safari/537.36',
  'upgrade-insecure-requests' => '1',
  'cache-control' => 'max-age=0',
  'connection' => 'keep-alive',
  'host' => 'www.qua.com',
  'content-length' => '',
  'content-type' => '',
)
[ info ] [ PARAM ] array (
)
[ info ] [ CACHE ] INIT File
[ info ] [ BEHAVIOR ] Run app\common\behavior\Base->run @app_begin [ RunTime:0.005034s ]
[ info ] [ SESSION ] INIT array (
  'id' => '',
  'var_session_id' => '',
  'prefix' => 'think',
  'type' => '',
  'auto_start' => true,
  'httponly' => true,
  'secure' => false,
)
[ info ] [ DB ] INIT mysql
[ info ] [ VIEW ] ./themes/admin/menu\edit.html [ array (
  0 => 'menu',
  1 => 'controller',
  2 => 'root',
  3 => 'admin_menu_level_list',
  4 => 'admin_menu',
) ]
[ info ] [ LOG ] INIT File
[ sql ] [ DB ] CONNECT:[ UseTime:0.012138s ] mysql:host=127.0.0.1;port=3306;dbname=quantumex;charset=utf8
[ sql ] [ SQL ] SHOW COLUMNS FROM `max_auth_group_access` [ RunTime:0.007381s ]
[ sql ] [ SQL ] SELECT `AuthGroupAccess`.`uid`,`AuthGroupAccess`.`group_id`,`AuthGroup`.`title`,`AuthGroup`.`rules` FROM `max_auth_group_access` `AuthGroupAccess` LEFT JOIN `max_auth_group` `AuthGroup` ON `AuthGroupAccess`.`group_id`=`AuthGroup`.`id` WHERE  (  AuthGroupAccess.uid='1' and AuthGroup.status='1' ) [ RunTime:0.005549s ]
[ sql ] [ SQL ] SHOW COLUMNS FROM `max_auth_rule` [ RunTime:0.005129s ]
[ sql ] [ SQL ] SELECT * FROM `max_auth_rule` WHERE  `status` = 1 ORDER BY `sort`  DESC,`id`  ASC [ RunTime:0.001260s ]
[ sql ] [ SQL ] SELECT * FROM `max_auth_rule` ORDER BY `sort`  DESC,`id`  ASC [ RunTime:0.000809s ]
[ sql ] [ SQL ] SELECT * FROM `max_auth_rule` WHERE  `id` = 14 LIMIT 1 [ RunTime:0.000439s ]
---------------------------------------------------------------
[ 2020-09-03T00:57:30+08:00 ] 127.0.0.1 GET /public/static/common/images/admin_logo.png
[ info ] www.qua.com/public/static/common/images/admin_logo.png [运行时间：0.024846s][吞吐率：40.25req/s] [内存消耗：863.42kb] [文件加载：73]
[ info ] [ LANG ] D:\www\quantumex\thinkphp/lang/zh-cn.php
[ info ] [ BIND ] 'index'
[ info ] [ ROUTE ] array (
)
[ info ] [ HEADER ] array (
  'cookie' => 'thinkphp_show_page_trace=0|0; PHPSESSID=2m4n427kabfdv7p4037oa44hv6',
  'accept-language' => 'zh-CN,zh;q=0.9',
  'accept-encoding' => 'gzip, deflate',
  'referer' => 'http://www.qua.com/admin.php/menu/edit/id/14.html',
  'accept' => 'image/webp,image/apng,image/*,*/*;q=0.8',
  'user-agent' => 'Mozilla/5.0 (Windows NT 10.0; Win64; x64) AppleWebKit/537.36 (KHTML, like Gecko) Chrome/84.0.4147.125 Safari/537.36',
  'connection' => 'keep-alive',
  'host' => 'www.qua.com',
  'content-length' => '',
  'content-type' => '',
)
[ info ] [ PARAM ] array (
)
[ info ] [ CACHE ] INIT File
[ info ] [ BEHAVIOR ] Run app\common\behavior\Base->run @app_begin [ RunTime:0.003700s ]
[ info ] [ LOG ] INIT File
---------------------------------------------------------------
[ 2020-09-03T00:57:48+08:00 ] 127.0.0.1 GET /admin.php/article/index.html
[ info ] www.qua.com/admin.php/article/index.html [运行时间：0.020763s][吞吐率：48.16req/s] [内存消耗：845.79kb] [文件加载：73]
[ info ] [ LANG ] D:\www\quantumex\thinkphp/lang/zh-cn.php
[ info ] [ BIND ] 'admin'
[ info ] [ ROUTE ] array (
)
[ info ] [ HEADER ] array (
  'cookie' => 'thinkphp_show_page_trace=0|0; PHPSESSID=2m4n427kabfdv7p4037oa44hv6',
  'accept-language' => 'zh-CN,zh;q=0.9',
  'accept-encoding' => 'gzip, deflate',
  'referer' => 'http://www.qua.com/admin.php/menu/edit/id/14.html',
  'accept' => 'text/html,application/xhtml+xml,application/xml;q=0.9,image/webp,image/apng,*/*;q=0.8,application/signed-exchange;v=b3;q=0.9',
  'user-agent' => 'Mozilla/5.0 (Windows NT 10.0; Win64; x64) AppleWebKit/537.36 (KHTML, like Gecko) Chrome/84.0.4147.125 Safari/537.36',
  'upgrade-insecure-requests' => '1',
  'connection' => 'keep-alive',
  'host' => 'www.qua.com',
  'content-length' => '',
  'content-type' => '',
)
[ info ] [ PARAM ] array (
)
[ info ] [ CACHE ] INIT File
[ info ] [ BEHAVIOR ] Run app\common\behavior\Base->run @app_begin [ RunTime:0.003600s ]
[ info ] [ LOG ] INIT File
---------------------------------------------------------------
[ 2020-09-03T00:57:50+08:00 ] 127.0.0.1 GET /admin.php/menu/edit/id/14.html
[ info ] www.qua.com/admin.php/menu/edit/id/14.html [运行时间：0.074884s][吞吐率：13.35req/s] [内存消耗：2,063.40kb] [文件加载：92]
[ info ] [ LANG ] D:\www\quantumex\thinkphp/lang/zh-cn.php
[ info ] [ BIND ] 'admin'
[ info ] [ ROUTE ] array (
)
[ info ] [ HEADER ] array (
  'cookie' => 'thinkphp_show_page_trace=0|0; thinkphp_show_page_trace=0|0; thinkphp_show_page_trace=0|0; PHPSESSID=2m4n427kabfdv7p4037oa44hv6',
  'accept-language' => 'zh-CN,zh;q=0.9',
  'accept-encoding' => 'gzip, deflate',
  'referer' => 'http://www.qua.com/admin.php/menu/edit/id/14.html',
  'accept' => 'text/html,application/xhtml+xml,application/xml;q=0.9,image/webp,image/apng,*/*;q=0.8,application/signed-exchange;v=b3;q=0.9',
  'user-agent' => 'Mozilla/5.0 (Windows NT 10.0; Win64; x64) AppleWebKit/537.36 (KHTML, like Gecko) Chrome/84.0.4147.125 Safari/537.36',
  'upgrade-insecure-requests' => '1',
  'connection' => 'keep-alive',
  'host' => 'www.qua.com',
  'content-length' => '',
  'content-type' => '',
)
[ info ] [ PARAM ] array (
)
[ info ] [ CACHE ] INIT File
[ info ] [ BEHAVIOR ] Run app\common\behavior\Base->run @app_begin [ RunTime:0.005583s ]
[ info ] [ SESSION ] INIT array (
  'id' => '',
  'var_session_id' => '',
  'prefix' => 'think',
  'type' => '',
  'auto_start' => true,
  'httponly' => true,
  'secure' => false,
)
[ info ] [ DB ] INIT mysql
[ info ] [ VIEW ] ./themes/admin/menu\edit.html [ array (
  0 => 'menu',
  1 => 'controller',
  2 => 'root',
  3 => 'admin_menu_level_list',
  4 => 'admin_menu',
) ]
[ info ] [ LOG ] INIT File
[ sql ] [ DB ] CONNECT:[ UseTime:0.002339s ] mysql:host=127.0.0.1;port=3306;dbname=quantumex;charset=utf8
[ sql ] [ SQL ] SHOW COLUMNS FROM `max_auth_group_access` [ RunTime:0.006149s ]
[ sql ] [ SQL ] SELECT `AuthGroupAccess`.`uid`,`AuthGroupAccess`.`group_id`,`AuthGroup`.`title`,`AuthGroup`.`rules` FROM `max_auth_group_access` `AuthGroupAccess` LEFT JOIN `max_auth_group` `AuthGroup` ON `AuthGroupAccess`.`group_id`=`AuthGroup`.`id` WHERE  (  AuthGroupAccess.uid='1' and AuthGroup.status='1' ) [ RunTime:0.000611s ]
[ sql ] [ SQL ] SHOW COLUMNS FROM `max_auth_rule` [ RunTime:0.006745s ]
[ sql ] [ SQL ] SELECT * FROM `max_auth_rule` WHERE  `status` = 1 ORDER BY `sort`  DESC,`id`  ASC [ RunTime:0.000536s ]
[ sql ] [ SQL ] SELECT * FROM `max_auth_rule` ORDER BY `sort`  DESC,`id`  ASC [ RunTime:0.000504s ]
[ sql ] [ SQL ] SELECT * FROM `max_auth_rule` WHERE  `id` = 14 LIMIT 1 [ RunTime:0.000539s ]
---------------------------------------------------------------
[ 2020-09-03T00:58:00+08:00 ] 127.0.0.1 GET /admin.php/menu/index.html
[ info ] www.qua.com/admin.php/menu/index.html [运行时间：0.071610s][吞吐率：13.96req/s] [内存消耗：2,105.78kb] [文件加载：92]
[ info ] [ LANG ] D:\www\quantumex\thinkphp/lang/zh-cn.php
[ info ] [ BIND ] 'admin'
[ info ] [ ROUTE ] array (
)
[ info ] [ HEADER ] array (
  'cookie' => 'thinkphp_show_page_trace=0|0; thinkphp_show_page_trace=0|0; PHPSESSID=2m4n427kabfdv7p4037oa44hv6',
  'accept-language' => 'zh-CN,zh;q=0.9',
  'accept-encoding' => 'gzip, deflate',
  'referer' => 'http://www.qua.com/admin.php/menu/edit/id/14.html',
  'accept' => 'text/html,application/xhtml+xml,application/xml;q=0.9,image/webp,image/apng,*/*;q=0.8,application/signed-exchange;v=b3;q=0.9',
  'user-agent' => 'Mozilla/5.0 (Windows NT 10.0; Win64; x64) AppleWebKit/537.36 (KHTML, like Gecko) Chrome/84.0.4147.125 Safari/537.36',
  'upgrade-insecure-requests' => '1',
  'connection' => 'keep-alive',
  'host' => 'www.qua.com',
  'content-length' => '',
  'content-type' => '',
)
[ info ] [ PARAM ] array (
)
[ info ] [ CACHE ] INIT File
[ info ] [ BEHAVIOR ] Run app\common\behavior\Base->run @app_begin [ RunTime:0.003666s ]
[ info ] [ SESSION ] INIT array (
  'id' => '',
  'var_session_id' => '',
  'prefix' => 'think',
  'type' => '',
  'auto_start' => true,
  'httponly' => true,
  'secure' => false,
)
[ info ] [ DB ] INIT mysql
[ info ] [ VIEW ] ./themes/admin/menu\index.html [ array (
  0 => 'menu',
  1 => 'controller',
  2 => 'root',
  3 => 'admin_menu_level_list',
) ]
[ info ] [ LOG ] INIT File
[ sql ] [ DB ] CONNECT:[ UseTime:0.001854s ] mysql:host=127.0.0.1;port=3306;dbname=quantumex;charset=utf8
[ sql ] [ SQL ] SHOW COLUMNS FROM `max_auth_group_access` [ RunTime:0.005279s ]
[ sql ] [ SQL ] SELECT `AuthGroupAccess`.`uid`,`AuthGroupAccess`.`group_id`,`AuthGroup`.`title`,`AuthGroup`.`rules` FROM `max_auth_group_access` `AuthGroupAccess` LEFT JOIN `max_auth_group` `AuthGroup` ON `AuthGroupAccess`.`group_id`=`AuthGroup`.`id` WHERE  (  AuthGroupAccess.uid='1' and AuthGroup.status='1' ) [ RunTime:0.000283s ]
[ sql ] [ SQL ] SHOW COLUMNS FROM `max_auth_rule` [ RunTime:0.005894s ]
[ sql ] [ SQL ] SELECT * FROM `max_auth_rule` WHERE  `status` = 1 ORDER BY `sort`  DESC,`id`  ASC [ RunTime:0.000336s ]
[ sql ] [ SQL ] SELECT * FROM `max_auth_rule` ORDER BY `sort`  DESC,`id`  ASC [ RunTime:0.000550s ]
---------------------------------------------------------------
[ 2020-09-03T00:58:00+08:00 ] 127.0.0.1 GET /public/static/common/images/admin_logo.png
[ info ] www.qua.com/public/static/common/images/admin_logo.png [运行时间：0.024818s][吞吐率：40.29req/s] [内存消耗：863.38kb] [文件加载：73]
[ info ] [ LANG ] D:\www\quantumex\thinkphp/lang/zh-cn.php
[ info ] [ BIND ] 'index'
[ info ] [ ROUTE ] array (
)
[ info ] [ HEADER ] array (
  'cookie' => 'thinkphp_show_page_trace=0|0; PHPSESSID=2m4n427kabfdv7p4037oa44hv6',
  'accept-language' => 'zh-CN,zh;q=0.9',
  'accept-encoding' => 'gzip, deflate',
  'referer' => 'http://www.qua.com/admin.php/menu/index.html',
  'accept' => 'image/webp,image/apng,image/*,*/*;q=0.8',
  'user-agent' => 'Mozilla/5.0 (Windows NT 10.0; Win64; x64) AppleWebKit/537.36 (KHTML, like Gecko) Chrome/84.0.4147.125 Safari/537.36',
  'connection' => 'keep-alive',
  'host' => 'www.qua.com',
  'content-length' => '',
  'content-type' => '',
)
[ info ] [ PARAM ] array (
)
[ info ] [ CACHE ] INIT File
[ info ] [ BEHAVIOR ] Run app\common\behavior\Base->run @app_begin [ RunTime:0.006478s ]
[ info ] [ LOG ] INIT File
---------------------------------------------------------------
[ 2020-09-03T00:58:23+08:00 ] 127.0.0.1 GET /admin.php/menu/edit/id/14.html
[ info ] www.qua.com/admin.php/menu/edit/id/14.html [运行时间：0.061175s][吞吐率：16.35req/s] [内存消耗：2,063.43kb] [文件加载：92]
[ info ] [ LANG ] D:\www\quantumex\thinkphp/lang/zh-cn.php
[ info ] [ BIND ] 'admin'
[ info ] [ ROUTE ] array (
)
[ info ] [ HEADER ] array (
  'cookie' => 'thinkphp_show_page_trace=0|0; thinkphp_show_page_trace=0|0; thinkphp_show_page_trace=0|0; PHPSESSID=2m4n427kabfdv7p4037oa44hv6',
  'accept-language' => 'zh-CN,zh;q=0.9',
  'accept-encoding' => 'gzip, deflate',
  'referer' => 'http://www.qua.com/admin.php/menu/index.html',
  'accept' => 'text/html,application/xhtml+xml,application/xml;q=0.9,image/webp,image/apng,*/*;q=0.8,application/signed-exchange;v=b3;q=0.9',
  'user-agent' => 'Mozilla/5.0 (Windows NT 10.0; Win64; x64) AppleWebKit/537.36 (KHTML, like Gecko) Chrome/84.0.4147.125 Safari/537.36',
  'upgrade-insecure-requests' => '1',
  'connection' => 'keep-alive',
  'host' => 'www.qua.com',
  'content-length' => '',
  'content-type' => '',
)
[ info ] [ PARAM ] array (
)
[ info ] [ CACHE ] INIT File
[ info ] [ BEHAVIOR ] Run app\common\behavior\Base->run @app_begin [ RunTime:0.003671s ]
[ info ] [ SESSION ] INIT array (
  'id' => '',
  'var_session_id' => '',
  'prefix' => 'think',
  'type' => '',
  'auto_start' => true,
  'httponly' => true,
  'secure' => false,
)
[ info ] [ DB ] INIT mysql
[ info ] [ VIEW ] ./themes/admin/menu\edit.html [ array (
  0 => 'menu',
  1 => 'controller',
  2 => 'root',
  3 => 'admin_menu_level_list',
  4 => 'admin_menu',
) ]
[ info ] [ LOG ] INIT File
[ sql ] [ DB ] CONNECT:[ UseTime:0.001880s ] mysql:host=127.0.0.1;port=3306;dbname=quantumex;charset=utf8
[ sql ] [ SQL ] SHOW COLUMNS FROM `max_auth_group_access` [ RunTime:0.004593s ]
[ sql ] [ SQL ] SELECT `AuthGroupAccess`.`uid`,`AuthGroupAccess`.`group_id`,`AuthGroup`.`title`,`AuthGroup`.`rules` FROM `max_auth_group_access` `AuthGroupAccess` LEFT JOIN `max_auth_group` `AuthGroup` ON `AuthGroupAccess`.`group_id`=`AuthGroup`.`id` WHERE  (  AuthGroupAccess.uid='1' and AuthGroup.status='1' ) [ RunTime:0.000311s ]
[ sql ] [ SQL ] SHOW COLUMNS FROM `max_auth_rule` [ RunTime:0.004186s ]
[ sql ] [ SQL ] SELECT * FROM `max_auth_rule` WHERE  `status` = 1 ORDER BY `sort`  DESC,`id`  ASC [ RunTime:0.000308s ]
[ sql ] [ SQL ] SELECT * FROM `max_auth_rule` ORDER BY `sort`  DESC,`id`  ASC [ RunTime:0.000631s ]
[ sql ] [ SQL ] SELECT * FROM `max_auth_rule` WHERE  `id` = 14 LIMIT 1 [ RunTime:0.000465s ]
---------------------------------------------------------------
[ 2020-09-03T00:58:23+08:00 ] 127.0.0.1 GET /public/static/common/images/admin_logo.png
[ info ] www.qua.com/public/static/common/images/admin_logo.png [运行时间：0.029698s][吞吐率：33.67req/s] [内存消耗：863.42kb] [文件加载：73]
[ info ] [ LANG ] D:\www\quantumex\thinkphp/lang/zh-cn.php
[ info ] [ BIND ] 'index'
[ info ] [ ROUTE ] array (
)
[ info ] [ HEADER ] array (
  'cookie' => 'thinkphp_show_page_trace=0|0; PHPSESSID=2m4n427kabfdv7p4037oa44hv6',
  'accept-language' => 'zh-CN,zh;q=0.9',
  'accept-encoding' => 'gzip, deflate',
  'referer' => 'http://www.qua.com/admin.php/menu/edit/id/14.html',
  'accept' => 'image/webp,image/apng,image/*,*/*;q=0.8',
  'user-agent' => 'Mozilla/5.0 (Windows NT 10.0; Win64; x64) AppleWebKit/537.36 (KHTML, like Gecko) Chrome/84.0.4147.125 Safari/537.36',
  'connection' => 'keep-alive',
  'host' => 'www.qua.com',
  'content-length' => '',
  'content-type' => '',
)
[ info ] [ PARAM ] array (
)
[ info ] [ CACHE ] INIT File
[ info ] [ BEHAVIOR ] Run app\common\behavior\Base->run @app_begin [ RunTime:0.006047s ]
[ info ] [ LOG ] INIT File
---------------------------------------------------------------
[ 2020-09-03T00:58:26+08:00 ] 127.0.0.1 POST /admin.php/menu/update.html
[ info ] www.qua.com/admin.php/menu/update.html [运行时间：0.064494s][吞吐率：15.51req/s] [内存消耗：2,019.32kb] [文件加载：91]
[ info ] [ LANG ] D:\www\quantumex\thinkphp/lang/zh-cn.php
[ info ] [ BIND ] 'admin'
[ info ] [ ROUTE ] array (
)
[ info ] [ HEADER ] array (
  'cookie' => 'thinkphp_show_page_trace=0|0; thinkphp_show_page_trace=0|0; PHPSESSID=2m4n427kabfdv7p4037oa44hv6',
  'accept-language' => 'zh-CN,zh;q=0.9',
  'accept-encoding' => 'gzip, deflate',
  'referer' => 'http://www.qua.com/admin.php/menu/edit/id/14.html',
  'origin' => 'http://www.qua.com',
  'content-type' => 'application/x-www-form-urlencoded; charset=UTF-8',
  'user-agent' => 'Mozilla/5.0 (Windows NT 10.0; Win64; x64) AppleWebKit/537.36 (KHTML, like Gecko) Chrome/84.0.4147.125 Safari/537.36',
  'x-requested-with' => 'XMLHttpRequest',
  'accept' => 'application/json, text/javascript, */*; q=0.01',
  'content-length' => '129',
  'connection' => 'keep-alive',
  'host' => 'www.qua.com',
)
[ info ] [ PARAM ] array (
  'pid' => '0',
  'title' => '数据管理',
  'name' => 'admin/Deposit/default',
  'param' => '',
  'icon' => 'fa fa-file-text',
  'status' => '1',
  'sort' => '0',
  'id' => '14',
)
[ info ] [ CACHE ] INIT File
[ info ] [ BEHAVIOR ] Run app\common\behavior\Base->run @app_begin [ RunTime:0.003881s ]
[ info ] [ SESSION ] INIT array (
  'id' => '',
  'var_session_id' => '',
  'prefix' => 'think',
  'type' => '',
  'auto_start' => true,
  'httponly' => true,
  'secure' => false,
)
[ info ] [ DB ] INIT mysql
[ info ] [ LOG ] INIT File
[ sql ] [ DB ] CONNECT:[ UseTime:0.001903s ] mysql:host=127.0.0.1;port=3306;dbname=quantumex;charset=utf8
[ sql ] [ SQL ] SHOW COLUMNS FROM `max_auth_group_access` [ RunTime:0.005363s ]
[ sql ] [ SQL ] SELECT `AuthGroupAccess`.`uid`,`AuthGroupAccess`.`group_id`,`AuthGroup`.`title`,`AuthGroup`.`rules` FROM `max_auth_group_access` `AuthGroupAccess` LEFT JOIN `max_auth_group` `AuthGroup` ON `AuthGroupAccess`.`group_id`=`AuthGroup`.`id` WHERE  (  AuthGroupAccess.uid='1' and AuthGroup.status='1' ) [ RunTime:0.000554s ]
[ sql ] [ SQL ] SHOW COLUMNS FROM `max_auth_rule` [ RunTime:0.005264s ]
[ sql ] [ SQL ] SELECT * FROM `max_auth_rule` WHERE  `status` = 1 ORDER BY `sort`  DESC,`id`  ASC [ RunTime:0.000319s ]
[ sql ] [ SQL ] SELECT * FROM `max_auth_rule` ORDER BY `sort`  DESC,`id`  ASC [ RunTime:0.000345s ]
[ sql ] [ SQL ] UPDATE `max_auth_rule`  SET `pid` = 0 , `title` = '数据管理' , `name` = 'admin/Deposit/default' , `param` = '' , `icon` = 'fa fa-file-text' , `status` = 1 , `sort` = 0  WHERE  `id` = 14 [ RunTime:0.003774s ]
---------------------------------------------------------------
[ 2020-09-03T00:58:27+08:00 ] 127.0.0.1 GET /admin.php/menu/edit/id/14.html
[ info ] www.qua.com/admin.php/menu/edit/id/14.html [运行时间：0.066295s][吞吐率：15.08req/s] [内存消耗：2,063.40kb] [文件加载：92]
[ info ] [ LANG ] D:\www\quantumex\thinkphp/lang/zh-cn.php
[ info ] [ BIND ] 'admin'
[ info ] [ ROUTE ] array (
)
[ info ] [ HEADER ] array (
  'cookie' => 'thinkphp_show_page_trace=0|0; thinkphp_show_page_trace=0|0; thinkphp_show_page_trace=0|0; PHPSESSID=2m4n427kabfdv7p4037oa44hv6',
  'accept-language' => 'zh-CN,zh;q=0.9',
  'accept-encoding' => 'gzip, deflate',
  'referer' => 'http://www.qua.com/admin.php/menu/edit/id/14.html',
  'accept' => 'text/html,application/xhtml+xml,application/xml;q=0.9,image/webp,image/apng,*/*;q=0.8,application/signed-exchange;v=b3;q=0.9',
  'user-agent' => 'Mozilla/5.0 (Windows NT 10.0; Win64; x64) AppleWebKit/537.36 (KHTML, like Gecko) Chrome/84.0.4147.125 Safari/537.36',
  'upgrade-insecure-requests' => '1',
  'connection' => 'keep-alive',
  'host' => 'www.qua.com',
  'content-length' => '',
  'content-type' => '',
)
[ info ] [ PARAM ] array (
)
[ info ] [ CACHE ] INIT File
[ info ] [ BEHAVIOR ] Run app\common\behavior\Base->run @app_begin [ RunTime:0.006899s ]
[ info ] [ SESSION ] INIT array (
  'id' => '',
  'var_session_id' => '',
  'prefix' => 'think',
  'type' => '',
  'auto_start' => true,
  'httponly' => true,
  'secure' => false,
)
[ info ] [ DB ] INIT mysql
[ info ] [ VIEW ] ./themes/admin/menu\edit.html [ array (
  0 => 'menu',
  1 => 'controller',
  2 => 'root',
  3 => 'admin_menu_level_list',
  4 => 'admin_menu',
) ]
[ info ] [ LOG ] INIT File
[ sql ] [ DB ] CONNECT:[ UseTime:0.002579s ] mysql:host=127.0.0.1;port=3306;dbname=quantumex;charset=utf8
[ sql ] [ SQL ] SHOW COLUMNS FROM `max_auth_group_access` [ RunTime:0.006245s ]
[ sql ] [ SQL ] SELECT `AuthGroupAccess`.`uid`,`AuthGroupAccess`.`group_id`,`AuthGroup`.`title`,`AuthGroup`.`rules` FROM `max_auth_group_access` `AuthGroupAccess` LEFT JOIN `max_auth_group` `AuthGroup` ON `AuthGroupAccess`.`group_id`=`AuthGroup`.`id` WHERE  (  AuthGroupAccess.uid='1' and AuthGroup.status='1' ) [ RunTime:0.000311s ]
[ sql ] [ SQL ] SHOW COLUMNS FROM `max_auth_rule` [ RunTime:0.004556s ]
[ sql ] [ SQL ] SELECT * FROM `max_auth_rule` WHERE  `status` = 1 ORDER BY `sort`  DESC,`id`  ASC [ RunTime:0.000324s ]
[ sql ] [ SQL ] SELECT * FROM `max_auth_rule` ORDER BY `sort`  DESC,`id`  ASC [ RunTime:0.000433s ]
[ sql ] [ SQL ] SELECT * FROM `max_auth_rule` WHERE  `id` = 14 LIMIT 1 [ RunTime:0.000411s ]
---------------------------------------------------------------
[ 2020-09-03T00:58:28+08:00 ] 127.0.0.1 GET /public/static/common/images/admin_logo.png
[ info ] www.qua.com/public/static/common/images/admin_logo.png [运行时间：0.029108s][吞吐率：34.35req/s] [内存消耗：863.42kb] [文件加载：73]
[ info ] [ LANG ] D:\www\quantumex\thinkphp/lang/zh-cn.php
[ info ] [ BIND ] 'index'
[ info ] [ ROUTE ] array (
)
[ info ] [ HEADER ] array (
  'cookie' => 'thinkphp_show_page_trace=0|0; PHPSESSID=2m4n427kabfdv7p4037oa44hv6',
  'accept-language' => 'zh-CN,zh;q=0.9',
  'accept-encoding' => 'gzip, deflate',
  'referer' => 'http://www.qua.com/admin.php/menu/edit/id/14.html',
  'accept' => 'image/webp,image/apng,image/*,*/*;q=0.8',
  'user-agent' => 'Mozilla/5.0 (Windows NT 10.0; Win64; x64) AppleWebKit/537.36 (KHTML, like Gecko) Chrome/84.0.4147.125 Safari/537.36',
  'connection' => 'keep-alive',
  'host' => 'www.qua.com',
  'content-length' => '',
  'content-type' => '',
)
[ info ] [ PARAM ] array (
)
[ info ] [ CACHE ] INIT File
[ info ] [ BEHAVIOR ] Run app\common\behavior\Base->run @app_begin [ RunTime:0.006732s ]
[ info ] [ LOG ] INIT File
---------------------------------------------------------------
[ 2020-09-03T00:58:28+08:00 ] 127.0.0.1 GET /admin.php/menu/index.html
[ info ] www.qua.com/admin.php/menu/index.html [运行时间：0.072527s][吞吐率：13.79req/s] [内存消耗：2,105.78kb] [文件加载：92]
[ info ] [ LANG ] D:\www\quantumex\thinkphp/lang/zh-cn.php
[ info ] [ BIND ] 'admin'
[ info ] [ ROUTE ] array (
)
[ info ] [ HEADER ] array (
  'cookie' => 'thinkphp_show_page_trace=0|0; thinkphp_show_page_trace=0|0; PHPSESSID=2m4n427kabfdv7p4037oa44hv6',
  'accept-language' => 'zh-CN,zh;q=0.9',
  'accept-encoding' => 'gzip, deflate',
  'referer' => 'http://www.qua.com/admin.php/menu/edit/id/14.html',
  'accept' => 'text/html,application/xhtml+xml,application/xml;q=0.9,image/webp,image/apng,*/*;q=0.8,application/signed-exchange;v=b3;q=0.9',
  'user-agent' => 'Mozilla/5.0 (Windows NT 10.0; Win64; x64) AppleWebKit/537.36 (KHTML, like Gecko) Chrome/84.0.4147.125 Safari/537.36',
  'upgrade-insecure-requests' => '1',
  'connection' => 'keep-alive',
  'host' => 'www.qua.com',
  'content-length' => '',
  'content-type' => '',
)
[ info ] [ PARAM ] array (
)
[ info ] [ CACHE ] INIT File
[ info ] [ BEHAVIOR ] Run app\common\behavior\Base->run @app_begin [ RunTime:0.004186s ]
[ info ] [ SESSION ] INIT array (
  'id' => '',
  'var_session_id' => '',
  'prefix' => 'think',
  'type' => '',
  'auto_start' => true,
  'httponly' => true,
  'secure' => false,
)
[ info ] [ DB ] INIT mysql
[ info ] [ VIEW ] ./themes/admin/menu\index.html [ array (
  0 => 'menu',
  1 => 'controller',
  2 => 'root',
  3 => 'admin_menu_level_list',
) ]
[ info ] [ LOG ] INIT File
[ sql ] [ DB ] CONNECT:[ UseTime:0.001981s ] mysql:host=127.0.0.1;port=3306;dbname=quantumex;charset=utf8
[ sql ] [ SQL ] SHOW COLUMNS FROM `max_auth_group_access` [ RunTime:0.005076s ]
[ sql ] [ SQL ] SELECT `AuthGroupAccess`.`uid`,`AuthGroupAccess`.`group_id`,`AuthGroup`.`title`,`AuthGroup`.`rules` FROM `max_auth_group_access` `AuthGroupAccess` LEFT JOIN `max_auth_group` `AuthGroup` ON `AuthGroupAccess`.`group_id`=`AuthGroup`.`id` WHERE  (  AuthGroupAccess.uid='1' and AuthGroup.status='1' ) [ RunTime:0.001197s ]
[ sql ] [ SQL ] SHOW COLUMNS FROM `max_auth_rule` [ RunTime:0.005853s ]
[ sql ] [ SQL ] SELECT * FROM `max_auth_rule` WHERE  `status` = 1 ORDER BY `sort`  DESC,`id`  ASC [ RunTime:0.000312s ]
[ sql ] [ SQL ] SELECT * FROM `max_auth_rule` ORDER BY `sort`  DESC,`id`  ASC [ RunTime:0.000359s ]
---------------------------------------------------------------
[ 2020-09-03T00:58:29+08:00 ] 127.0.0.1 GET /public/static/common/images/admin_logo.png
[ info ] www.qua.com/public/static/common/images/admin_logo.png [运行时间：0.027384s][吞吐率：36.52req/s] [内存消耗：863.38kb] [文件加载：73]
[ info ] [ LANG ] D:\www\quantumex\thinkphp/lang/zh-cn.php
[ info ] [ BIND ] 'index'
[ info ] [ ROUTE ] array (
)
[ info ] [ HEADER ] array (
  'cookie' => 'thinkphp_show_page_trace=0|0; PHPSESSID=2m4n427kabfdv7p4037oa44hv6',
  'accept-language' => 'zh-CN,zh;q=0.9',
  'accept-encoding' => 'gzip, deflate',
  'referer' => 'http://www.qua.com/admin.php/menu/index.html',
  'accept' => 'image/webp,image/apng,image/*,*/*;q=0.8',
  'user-agent' => 'Mozilla/5.0 (Windows NT 10.0; Win64; x64) AppleWebKit/537.36 (KHTML, like Gecko) Chrome/84.0.4147.125 Safari/537.36',
  'connection' => 'keep-alive',
  'host' => 'www.qua.com',
  'content-length' => '',
  'content-type' => '',
)
[ info ] [ PARAM ] array (
)
[ info ] [ CACHE ] INIT File
[ info ] [ BEHAVIOR ] Run app\common\behavior\Base->run @app_begin [ RunTime:0.005684s ]
[ info ] [ LOG ] INIT File
---------------------------------------------------------------
[ 2020-09-03T00:58:32+08:00 ] 127.0.0.1 GET /admin.php/menu/edit/id/75.html
[ info ] www.qua.com/admin.php/menu/edit/id/75.html [运行时间：0.066976s][吞吐率：14.93req/s] [内存消耗：2,063.41kb] [文件加载：92]
[ info ] [ LANG ] D:\www\quantumex\thinkphp/lang/zh-cn.php
[ info ] [ BIND ] 'admin'
[ info ] [ ROUTE ] array (
)
[ info ] [ HEADER ] array (
  'cookie' => 'thinkphp_show_page_trace=0|0; thinkphp_show_page_trace=0|0; thinkphp_show_page_trace=0|0; PHPSESSID=2m4n427kabfdv7p4037oa44hv6',
  'accept-language' => 'zh-CN,zh;q=0.9',
  'accept-encoding' => 'gzip, deflate',
  'referer' => 'http://www.qua.com/admin.php/menu/index.html',
  'accept' => 'text/html,application/xhtml+xml,application/xml;q=0.9,image/webp,image/apng,*/*;q=0.8,application/signed-exchange;v=b3;q=0.9',
  'user-agent' => 'Mozilla/5.0 (Windows NT 10.0; Win64; x64) AppleWebKit/537.36 (KHTML, like Gecko) Chrome/84.0.4147.125 Safari/537.36',
  'upgrade-insecure-requests' => '1',
  'connection' => 'keep-alive',
  'host' => 'www.qua.com',
  'content-length' => '',
  'content-type' => '',
)
[ info ] [ PARAM ] array (
)
[ info ] [ CACHE ] INIT File
[ info ] [ BEHAVIOR ] Run app\common\behavior\Base->run @app_begin [ RunTime:0.004003s ]
[ info ] [ SESSION ] INIT array (
  'id' => '',
  'var_session_id' => '',
  'prefix' => 'think',
  'type' => '',
  'auto_start' => true,
  'httponly' => true,
  'secure' => false,
)
[ info ] [ DB ] INIT mysql
[ info ] [ VIEW ] ./themes/admin/menu\edit.html [ array (
  0 => 'menu',
  1 => 'controller',
  2 => 'root',
  3 => 'admin_menu_level_list',
  4 => 'admin_menu',
) ]
[ info ] [ LOG ] INIT File
[ sql ] [ DB ] CONNECT:[ UseTime:0.001498s ] mysql:host=127.0.0.1;port=3306;dbname=quantumex;charset=utf8
[ sql ] [ SQL ] SHOW COLUMNS FROM `max_auth_group_access` [ RunTime:0.004894s ]
[ sql ] [ SQL ] SELECT `AuthGroupAccess`.`uid`,`AuthGroupAccess`.`group_id`,`AuthGroup`.`title`,`AuthGroup`.`rules` FROM `max_auth_group_access` `AuthGroupAccess` LEFT JOIN `max_auth_group` `AuthGroup` ON `AuthGroupAccess`.`group_id`=`AuthGroup`.`id` WHERE  (  AuthGroupAccess.uid='1' and AuthGroup.status='1' ) [ RunTime:0.000456s ]
[ sql ] [ SQL ] SHOW COLUMNS FROM `max_auth_rule` [ RunTime:0.004698s ]
[ sql ] [ SQL ] SELECT * FROM `max_auth_rule` WHERE  `status` = 1 ORDER BY `sort`  DESC,`id`  ASC [ RunTime:0.000641s ]
[ sql ] [ SQL ] SELECT * FROM `max_auth_rule` ORDER BY `sort`  DESC,`id`  ASC [ RunTime:0.000653s ]
[ sql ] [ SQL ] SELECT * FROM `max_auth_rule` WHERE  `id` = 75 LIMIT 1 [ RunTime:0.000486s ]
---------------------------------------------------------------
[ 2020-09-03T00:58:32+08:00 ] 127.0.0.1 GET /public/static/common/images/admin_logo.png
[ info ] www.qua.com/public/static/common/images/admin_logo.png [运行时间：0.029762s][吞吐率：33.60req/s] [内存消耗：863.42kb] [文件加载：73]
[ info ] [ LANG ] D:\www\quantumex\thinkphp/lang/zh-cn.php
[ info ] [ BIND ] 'index'
[ info ] [ ROUTE ] array (
)
[ info ] [ HEADER ] array (
  'cookie' => 'thinkphp_show_page_trace=0|0; PHPSESSID=2m4n427kabfdv7p4037oa44hv6',
  'accept-language' => 'zh-CN,zh;q=0.9',
  'accept-encoding' => 'gzip, deflate',
  'referer' => 'http://www.qua.com/admin.php/menu/edit/id/75.html',
  'accept' => 'image/webp,image/apng,image/*,*/*;q=0.8',
  'user-agent' => 'Mozilla/5.0 (Windows NT 10.0; Win64; x64) AppleWebKit/537.36 (KHTML, like Gecko) Chrome/84.0.4147.125 Safari/537.36',
  'connection' => 'keep-alive',
  'host' => 'www.qua.com',
  'content-length' => '',
  'content-type' => '',
)
[ info ] [ PARAM ] array (
)
[ info ] [ CACHE ] INIT File
[ info ] [ BEHAVIOR ] Run app\common\behavior\Base->run @app_begin [ RunTime:0.006458s ]
[ info ] [ LOG ] INIT File
---------------------------------------------------------------
[ 2020-09-03T00:58:41+08:00 ] 127.0.0.1 POST /admin.php/menu/update.html
[ info ] www.qua.com/admin.php/menu/update.html [运行时间：0.054943s][吞吐率：18.20req/s] [内存消耗：2,019.23kb] [文件加载：91]
[ info ] [ LANG ] D:\www\quantumex\thinkphp/lang/zh-cn.php
[ info ] [ BIND ] 'admin'
[ info ] [ ROUTE ] array (
)
[ info ] [ HEADER ] array (
  'cookie' => 'thinkphp_show_page_trace=0|0; thinkphp_show_page_trace=0|0; PHPSESSID=2m4n427kabfdv7p4037oa44hv6',
  'accept-language' => 'zh-CN,zh;q=0.9',
  'accept-encoding' => 'gzip, deflate',
  'referer' => 'http://www.qua.com/admin.php/menu/edit/id/75.html',
  'origin' => 'http://www.qua.com',
  'content-type' => 'application/x-www-form-urlencoded; charset=UTF-8',
  'user-agent' => 'Mozilla/5.0 (Windows NT 10.0; Win64; x64) AppleWebKit/537.36 (KHTML, like Gecko) Chrome/84.0.4147.125 Safari/537.36',
  'x-requested-with' => 'XMLHttpRequest',
  'accept' => 'application/json, text/javascript, */*; q=0.01',
  'content-length' => '113',
  'connection' => 'keep-alive',
  'host' => 'www.qua.com',
)
[ info ] [ PARAM ] array (
  'pid' => '14',
  'title' => '数据列表',
  'name' => 'admin/Deposit/index',
  'param' => '',
  'icon' => '',
  'status' => '1',
  'sort' => '0',
  'id' => '75',
)
[ info ] [ CACHE ] INIT File
[ info ] [ BEHAVIOR ] Run app\common\behavior\Base->run @app_begin [ RunTime:0.004357s ]
[ info ] [ SESSION ] INIT array (
  'id' => '',
  'var_session_id' => '',
  'prefix' => 'think',
  'type' => '',
  'auto_start' => true,
  'httponly' => true,
  'secure' => false,
)
[ info ] [ DB ] INIT mysql
[ info ] [ LOG ] INIT File
[ sql ] [ DB ] CONNECT:[ UseTime:0.001474s ] mysql:host=127.0.0.1;port=3306;dbname=quantumex;charset=utf8
[ sql ] [ SQL ] SHOW COLUMNS FROM `max_auth_group_access` [ RunTime:0.005697s ]
[ sql ] [ SQL ] SELECT `AuthGroupAccess`.`uid`,`AuthGroupAccess`.`group_id`,`AuthGroup`.`title`,`AuthGroup`.`rules` FROM `max_auth_group_access` `AuthGroupAccess` LEFT JOIN `max_auth_group` `AuthGroup` ON `AuthGroupAccess`.`group_id`=`AuthGroup`.`id` WHERE  (  AuthGroupAccess.uid='1' and AuthGroup.status='1' ) [ RunTime:0.000434s ]
[ sql ] [ SQL ] SHOW COLUMNS FROM `max_auth_rule` [ RunTime:0.005005s ]
[ sql ] [ SQL ] SELECT * FROM `max_auth_rule` WHERE  `status` = 1 ORDER BY `sort`  DESC,`id`  ASC [ RunTime:0.000476s ]
[ sql ] [ SQL ] SELECT * FROM `max_auth_rule` ORDER BY `sort`  DESC,`id`  ASC [ RunTime:0.000411s ]
[ sql ] [ SQL ] UPDATE `max_auth_rule`  SET `pid` = 14 , `title` = '数据列表' , `name` = 'admin/Deposit/index' , `param` = '' , `icon` = '' , `status` = 1 , `sort` = 0  WHERE  `id` = 75 [ RunTime:0.000486s ]
---------------------------------------------------------------
[ 2020-09-03T00:58:42+08:00 ] 127.0.0.1 GET /admin.php/menu/edit/id/75.html
[ info ] www.qua.com/admin.php/menu/edit/id/75.html [运行时间：0.058750s][吞吐率：17.02req/s] [内存消耗：2,063.34kb] [文件加载：92]
[ info ] [ LANG ] D:\www\quantumex\thinkphp/lang/zh-cn.php
[ info ] [ BIND ] 'admin'
[ info ] [ ROUTE ] array (
)
[ info ] [ HEADER ] array (
  'cookie' => 'thinkphp_show_page_trace=0|0; thinkphp_show_page_trace=0|0; thinkphp_show_page_trace=0|0; PHPSESSID=2m4n427kabfdv7p4037oa44hv6',
  'accept-language' => 'zh-CN,zh;q=0.9',
  'accept-encoding' => 'gzip, deflate',
  'referer' => 'http://www.qua.com/admin.php/menu/edit/id/75.html',
  'accept' => 'text/html,application/xhtml+xml,application/xml;q=0.9,image/webp,image/apng,*/*;q=0.8,application/signed-exchange;v=b3;q=0.9',
  'user-agent' => 'Mozilla/5.0 (Windows NT 10.0; Win64; x64) AppleWebKit/537.36 (KHTML, like Gecko) Chrome/84.0.4147.125 Safari/537.36',
  'upgrade-insecure-requests' => '1',
  'connection' => 'keep-alive',
  'host' => 'www.qua.com',
  'content-length' => '',
  'content-type' => '',
)
[ info ] [ PARAM ] array (
)
[ info ] [ CACHE ] INIT File
[ info ] [ BEHAVIOR ] Run app\common\behavior\Base->run @app_begin [ RunTime:0.003713s ]
[ info ] [ SESSION ] INIT array (
  'id' => '',
  'var_session_id' => '',
  'prefix' => 'think',
  'type' => '',
  'auto_start' => true,
  'httponly' => true,
  'secure' => false,
)
[ info ] [ DB ] INIT mysql
[ info ] [ VIEW ] ./themes/admin/menu\edit.html [ array (
  0 => 'menu',
  1 => 'controller',
  2 => 'root',
  3 => 'admin_menu_level_list',
  4 => 'admin_menu',
) ]
[ info ] [ LOG ] INIT File
[ sql ] [ DB ] CONNECT:[ UseTime:0.001487s ] mysql:host=127.0.0.1;port=3306;dbname=quantumex;charset=utf8
[ sql ] [ SQL ] SHOW COLUMNS FROM `max_auth_group_access` [ RunTime:0.004470s ]
[ sql ] [ SQL ] SELECT `AuthGroupAccess`.`uid`,`AuthGroupAccess`.`group_id`,`AuthGroup`.`title`,`AuthGroup`.`rules` FROM `max_auth_group_access` `AuthGroupAccess` LEFT JOIN `max_auth_group` `AuthGroup` ON `AuthGroupAccess`.`group_id`=`AuthGroup`.`id` WHERE  (  AuthGroupAccess.uid='1' and AuthGroup.status='1' ) [ RunTime:0.000366s ]
[ sql ] [ SQL ] SHOW COLUMNS FROM `max_auth_rule` [ RunTime:0.004717s ]
[ sql ] [ SQL ] SELECT * FROM `max_auth_rule` WHERE  `status` = 1 ORDER BY `sort`  DESC,`id`  ASC [ RunTime:0.000532s ]
[ sql ] [ SQL ] SELECT * FROM `max_auth_rule` ORDER BY `sort`  DESC,`id`  ASC [ RunTime:0.000632s ]
[ sql ] [ SQL ] SELECT * FROM `max_auth_rule` WHERE  `id` = 75 LIMIT 1 [ RunTime:0.000564s ]
---------------------------------------------------------------
[ 2020-09-03T00:58:42+08:00 ] 127.0.0.1 GET /public/static/common/images/admin_logo.png
[ info ] www.qua.com/public/static/common/images/admin_logo.png [运行时间：0.023015s][吞吐率：43.45req/s] [内存消耗：863.42kb] [文件加载：73]
[ info ] [ LANG ] D:\www\quantumex\thinkphp/lang/zh-cn.php
[ info ] [ BIND ] 'index'
[ info ] [ ROUTE ] array (
)
[ info ] [ HEADER ] array (
  'cookie' => 'thinkphp_show_page_trace=0|0; PHPSESSID=2m4n427kabfdv7p4037oa44hv6',
  'accept-language' => 'zh-CN,zh;q=0.9',
  'accept-encoding' => 'gzip, deflate',
  'referer' => 'http://www.qua.com/admin.php/menu/edit/id/75.html',
  'accept' => 'image/webp,image/apng,image/*,*/*;q=0.8',
  'user-agent' => 'Mozilla/5.0 (Windows NT 10.0; Win64; x64) AppleWebKit/537.36 (KHTML, like Gecko) Chrome/84.0.4147.125 Safari/537.36',
  'connection' => 'keep-alive',
  'host' => 'www.qua.com',
  'content-length' => '',
  'content-type' => '',
)
[ info ] [ PARAM ] array (
)
[ info ] [ CACHE ] INIT File
[ info ] [ BEHAVIOR ] Run app\common\behavior\Base->run @app_begin [ RunTime:0.006079s ]
[ info ] [ LOG ] INIT File
---------------------------------------------------------------
[ 2020-09-03T00:58:42+08:00 ] 127.0.0.1 GET /admin.php/menu/index.html
[ info ] www.qua.com/admin.php/menu/index.html [运行时间：0.069319s][吞吐率：14.43req/s] [内存消耗：2,105.76kb] [文件加载：92]
[ info ] [ LANG ] D:\www\quantumex\thinkphp/lang/zh-cn.php
[ info ] [ BIND ] 'admin'
[ info ] [ ROUTE ] array (
)
[ info ] [ HEADER ] array (
  'cookie' => 'thinkphp_show_page_trace=0|0; thinkphp_show_page_trace=0|0; PHPSESSID=2m4n427kabfdv7p4037oa44hv6',
  'accept-language' => 'zh-CN,zh;q=0.9',
  'accept-encoding' => 'gzip, deflate',
  'referer' => 'http://www.qua.com/admin.php/menu/edit/id/75.html',
  'accept' => 'text/html,application/xhtml+xml,application/xml;q=0.9,image/webp,image/apng,*/*;q=0.8,application/signed-exchange;v=b3;q=0.9',
  'user-agent' => 'Mozilla/5.0 (Windows NT 10.0; Win64; x64) AppleWebKit/537.36 (KHTML, like Gecko) Chrome/84.0.4147.125 Safari/537.36',
  'upgrade-insecure-requests' => '1',
  'connection' => 'keep-alive',
  'host' => 'www.qua.com',
  'content-length' => '',
  'content-type' => '',
)
[ info ] [ PARAM ] array (
)
[ info ] [ CACHE ] INIT File
[ info ] [ BEHAVIOR ] Run app\common\behavior\Base->run @app_begin [ RunTime:0.005929s ]
[ info ] [ SESSION ] INIT array (
  'id' => '',
  'var_session_id' => '',
  'prefix' => 'think',
  'type' => '',
  'auto_start' => true,
  'httponly' => true,
  'secure' => false,
)
[ info ] [ DB ] INIT mysql
[ info ] [ VIEW ] ./themes/admin/menu\index.html [ array (
  0 => 'menu',
  1 => 'controller',
  2 => 'root',
  3 => 'admin_menu_level_list',
) ]
[ info ] [ LOG ] INIT File
[ sql ] [ DB ] CONNECT:[ UseTime:0.001464s ] mysql:host=127.0.0.1;port=3306;dbname=quantumex;charset=utf8
[ sql ] [ SQL ] SHOW COLUMNS FROM `max_auth_group_access` [ RunTime:0.005675s ]
[ sql ] [ SQL ] SELECT `AuthGroupAccess`.`uid`,`AuthGroupAccess`.`group_id`,`AuthGroup`.`title`,`AuthGroup`.`rules` FROM `max_auth_group_access` `AuthGroupAccess` LEFT JOIN `max_auth_group` `AuthGroup` ON `AuthGroupAccess`.`group_id`=`AuthGroup`.`id` WHERE  (  AuthGroupAccess.uid='1' and AuthGroup.status='1' ) [ RunTime:0.000387s ]
[ sql ] [ SQL ] SHOW COLUMNS FROM `max_auth_rule` [ RunTime:0.004654s ]
[ sql ] [ SQL ] SELECT * FROM `max_auth_rule` WHERE  `status` = 1 ORDER BY `sort`  DESC,`id`  ASC [ RunTime:0.000464s ]
[ sql ] [ SQL ] SELECT * FROM `max_auth_rule` ORDER BY `sort`  DESC,`id`  ASC [ RunTime:0.000458s ]
---------------------------------------------------------------
[ 2020-09-03T00:58:42+08:00 ] 127.0.0.1 GET /public/static/common/images/admin_logo.png
[ info ] www.qua.com/public/static/common/images/admin_logo.png [运行时间：0.022118s][吞吐率：45.21req/s] [内存消耗：863.38kb] [文件加载：73]
[ info ] [ LANG ] D:\www\quantumex\thinkphp/lang/zh-cn.php
[ info ] [ BIND ] 'index'
[ info ] [ ROUTE ] array (
)
[ info ] [ HEADER ] array (
  'cookie' => 'thinkphp_show_page_trace=0|0; PHPSESSID=2m4n427kabfdv7p4037oa44hv6',
  'accept-language' => 'zh-CN,zh;q=0.9',
  'accept-encoding' => 'gzip, deflate',
  'referer' => 'http://www.qua.com/admin.php/menu/index.html',
  'accept' => 'image/webp,image/apng,image/*,*/*;q=0.8',
  'user-agent' => 'Mozilla/5.0 (Windows NT 10.0; Win64; x64) AppleWebKit/537.36 (KHTML, like Gecko) Chrome/84.0.4147.125 Safari/537.36',
  'connection' => 'keep-alive',
  'host' => 'www.qua.com',
  'content-length' => '',
  'content-type' => '',
)
[ info ] [ PARAM ] array (
)
[ info ] [ CACHE ] INIT File
[ info ] [ BEHAVIOR ] Run app\common\behavior\Base->run @app_begin [ RunTime:0.005338s ]
[ info ] [ LOG ] INIT File
---------------------------------------------------------------
[ 2020-09-03T00:58:55+08:00 ] 127.0.0.1 GET /admin.php/menu/edit/id/76.html
[ info ] www.qua.com/admin.php/menu/edit/id/76.html [运行时间：0.070766s][吞吐率：14.13req/s] [内存消耗：2,063.36kb] [文件加载：92]
[ info ] [ LANG ] D:\www\quantumex\thinkphp/lang/zh-cn.php
[ info ] [ BIND ] 'admin'
[ info ] [ ROUTE ] array (
)
[ info ] [ HEADER ] array (
  'cookie' => 'thinkphp_show_page_trace=0|0; thinkphp_show_page_trace=0|0; thinkphp_show_page_trace=0|0; PHPSESSID=2m4n427kabfdv7p4037oa44hv6',
  'accept-language' => 'zh-CN,zh;q=0.9',
  'accept-encoding' => 'gzip, deflate',
  'referer' => 'http://www.qua.com/admin.php/menu/index.html',
  'accept' => 'text/html,application/xhtml+xml,application/xml;q=0.9,image/webp,image/apng,*/*;q=0.8,application/signed-exchange;v=b3;q=0.9',
  'user-agent' => 'Mozilla/5.0 (Windows NT 10.0; Win64; x64) AppleWebKit/537.36 (KHTML, like Gecko) Chrome/84.0.4147.125 Safari/537.36',
  'upgrade-insecure-requests' => '1',
  'connection' => 'keep-alive',
  'host' => 'www.qua.com',
  'content-length' => '',
  'content-type' => '',
)
[ info ] [ PARAM ] array (
)
[ info ] [ CACHE ] INIT File
[ info ] [ BEHAVIOR ] Run app\common\behavior\Base->run @app_begin [ RunTime:0.005550s ]
[ info ] [ SESSION ] INIT array (
  'id' => '',
  'var_session_id' => '',
  'prefix' => 'think',
  'type' => '',
  'auto_start' => true,
  'httponly' => true,
  'secure' => false,
)
[ info ] [ DB ] INIT mysql
[ info ] [ VIEW ] ./themes/admin/menu\edit.html [ array (
  0 => 'menu',
  1 => 'controller',
  2 => 'root',
  3 => 'admin_menu_level_list',
  4 => 'admin_menu',
) ]
[ info ] [ LOG ] INIT File
[ sql ] [ DB ] CONNECT:[ UseTime:0.001745s ] mysql:host=127.0.0.1;port=3306;dbname=quantumex;charset=utf8
[ sql ] [ SQL ] SHOW COLUMNS FROM `max_auth_group_access` [ RunTime:0.005384s ]
[ sql ] [ SQL ] SELECT `AuthGroupAccess`.`uid`,`AuthGroupAccess`.`group_id`,`AuthGroup`.`title`,`AuthGroup`.`rules` FROM `max_auth_group_access` `AuthGroupAccess` LEFT JOIN `max_auth_group` `AuthGroup` ON `AuthGroupAccess`.`group_id`=`AuthGroup`.`id` WHERE  (  AuthGroupAccess.uid='1' and AuthGroup.status='1' ) [ RunTime:0.000391s ]
[ sql ] [ SQL ] SHOW COLUMNS FROM `max_auth_rule` [ RunTime:0.005860s ]
[ sql ] [ SQL ] SELECT * FROM `max_auth_rule` WHERE  `status` = 1 ORDER BY `sort`  DESC,`id`  ASC [ RunTime:0.000700s ]
[ sql ] [ SQL ] SELECT * FROM `max_auth_rule` ORDER BY `sort`  DESC,`id`  ASC [ RunTime:0.000491s ]
[ sql ] [ SQL ] SELECT * FROM `max_auth_rule` WHERE  `id` = 76 LIMIT 1 [ RunTime:0.000388s ]
---------------------------------------------------------------
[ 2020-09-03T00:58:55+08:00 ] 127.0.0.1 GET /public/static/common/images/admin_logo.png
[ info ] www.qua.com/public/static/common/images/admin_logo.png [运行时间：0.030605s][吞吐率：32.67req/s] [内存消耗：863.42kb] [文件加载：73]
[ info ] [ LANG ] D:\www\quantumex\thinkphp/lang/zh-cn.php
[ info ] [ BIND ] 'index'
[ info ] [ ROUTE ] array (
)
[ info ] [ HEADER ] array (
  'cookie' => 'thinkphp_show_page_trace=0|0; PHPSESSID=2m4n427kabfdv7p4037oa44hv6',
  'accept-language' => 'zh-CN,zh;q=0.9',
  'accept-encoding' => 'gzip, deflate',
  'referer' => 'http://www.qua.com/admin.php/menu/edit/id/76.html',
  'accept' => 'image/webp,image/apng,image/*,*/*;q=0.8',
  'user-agent' => 'Mozilla/5.0 (Windows NT 10.0; Win64; x64) AppleWebKit/537.36 (KHTML, like Gecko) Chrome/84.0.4147.125 Safari/537.36',
  'connection' => 'keep-alive',
  'host' => 'www.qua.com',
  'content-length' => '',
  'content-type' => '',
)
[ info ] [ PARAM ] array (
)
[ info ] [ CACHE ] INIT File
[ info ] [ BEHAVIOR ] Run app\common\behavior\Base->run @app_begin [ RunTime:0.005518s ]
[ info ] [ LOG ] INIT File
---------------------------------------------------------------
[ 2020-09-03T00:58:57+08:00 ] 127.0.0.1 POST /admin.php/menu/update.html
[ info ] www.qua.com/admin.php/menu/update.html [运行时间：0.051763s][吞吐率：19.32req/s] [内存消耗：2,019.21kb] [文件加载：91]
[ info ] [ LANG ] D:\www\quantumex\thinkphp/lang/zh-cn.php
[ info ] [ BIND ] 'admin'
[ info ] [ ROUTE ] array (
)
[ info ] [ HEADER ] array (
  'cookie' => 'thinkphp_show_page_trace=0|0; thinkphp_show_page_trace=0|0; PHPSESSID=2m4n427kabfdv7p4037oa44hv6',
  'accept-language' => 'zh-CN,zh;q=0.9',
  'accept-encoding' => 'gzip, deflate',
  'referer' => 'http://www.qua.com/admin.php/menu/edit/id/76.html',
  'origin' => 'http://www.qua.com',
  'content-type' => 'application/x-www-form-urlencoded; charset=UTF-8',
  'user-agent' => 'Mozilla/5.0 (Windows NT 10.0; Win64; x64) AppleWebKit/537.36 (KHTML, like Gecko) Chrome/84.0.4147.125 Safari/537.36',
  'x-requested-with' => 'XMLHttpRequest',
  'accept' => 'application/json, text/javascript, */*; q=0.01',
  'content-length' => '113',
  'connection' => 'keep-alive',
  'host' => 'www.qua.com',
)
[ info ] [ PARAM ] array (
  'pid' => '14',
  'title' => '内容列表',
  'name' => 'admin/Article/index',
  'param' => '',
  'icon' => '',
  'status' => '0',
  'sort' => '0',
  'id' => '76',
)
[ info ] [ CACHE ] INIT File
[ info ] [ BEHAVIOR ] Run app\common\behavior\Base->run @app_begin [ RunTime:0.003666s ]
[ info ] [ SESSION ] INIT array (
  'id' => '',
  'var_session_id' => '',
  'prefix' => 'think',
  'type' => '',
  'auto_start' => true,
  'httponly' => true,
  'secure' => false,
)
[ info ] [ DB ] INIT mysql
[ info ] [ LOG ] INIT File
[ sql ] [ DB ] CONNECT:[ UseTime:0.001428s ] mysql:host=127.0.0.1;port=3306;dbname=quantumex;charset=utf8
[ sql ] [ SQL ] SHOW COLUMNS FROM `max_auth_group_access` [ RunTime:0.004308s ]
[ sql ] [ SQL ] SELECT `AuthGroupAccess`.`uid`,`AuthGroupAccess`.`group_id`,`AuthGroup`.`title`,`AuthGroup`.`rules` FROM `max_auth_group_access` `AuthGroupAccess` LEFT JOIN `max_auth_group` `AuthGroup` ON `AuthGroupAccess`.`group_id`=`AuthGroup`.`id` WHERE  (  AuthGroupAccess.uid='1' and AuthGroup.status='1' ) [ RunTime:0.000378s ]
[ sql ] [ SQL ] SHOW COLUMNS FROM `max_auth_rule` [ RunTime:0.004404s ]
[ sql ] [ SQL ] SELECT * FROM `max_auth_rule` WHERE  `status` = 1 ORDER BY `sort`  DESC,`id`  ASC [ RunTime:0.000471s ]
[ sql ] [ SQL ] SELECT * FROM `max_auth_rule` ORDER BY `sort`  DESC,`id`  ASC [ RunTime:0.000440s ]
[ sql ] [ SQL ] UPDATE `max_auth_rule`  SET `pid` = 14 , `title` = '内容列表' , `name` = 'admin/Article/index' , `param` = '' , `icon` = '' , `status` = 0 , `sort` = 0  WHERE  `id` = 76 [ RunTime:0.000443s ]
---------------------------------------------------------------
[ 2020-09-03T00:58:58+08:00 ] 127.0.0.1 GET /admin.php/menu/edit/id/76.html
[ info ] www.qua.com/admin.php/menu/edit/id/76.html [运行时间：0.062765s][吞吐率：15.93req/s] [内存消耗：2,062.23kb] [文件加载：92]
[ info ] [ LANG ] D:\www\quantumex\thinkphp/lang/zh-cn.php
[ info ] [ BIND ] 'admin'
[ info ] [ ROUTE ] array (
)
[ info ] [ HEADER ] array (
  'cookie' => 'thinkphp_show_page_trace=0|0; thinkphp_show_page_trace=0|0; thinkphp_show_page_trace=0|0; PHPSESSID=2m4n427kabfdv7p4037oa44hv6',
  'accept-language' => 'zh-CN,zh;q=0.9',
  'accept-encoding' => 'gzip, deflate',
  'referer' => 'http://www.qua.com/admin.php/menu/edit/id/76.html',
  'accept' => 'text/html,application/xhtml+xml,application/xml;q=0.9,image/webp,image/apng,*/*;q=0.8,application/signed-exchange;v=b3;q=0.9',
  'user-agent' => 'Mozilla/5.0 (Windows NT 10.0; Win64; x64) AppleWebKit/537.36 (KHTML, like Gecko) Chrome/84.0.4147.125 Safari/537.36',
  'upgrade-insecure-requests' => '1',
  'connection' => 'keep-alive',
  'host' => 'www.qua.com',
  'content-length' => '',
  'content-type' => '',
)
[ info ] [ PARAM ] array (
)
[ info ] [ CACHE ] INIT File
[ info ] [ BEHAVIOR ] Run app\common\behavior\Base->run @app_begin [ RunTime:0.003684s ]
[ info ] [ SESSION ] INIT array (
  'id' => '',
  'var_session_id' => '',
  'prefix' => 'think',
  'type' => '',
  'auto_start' => true,
  'httponly' => true,
  'secure' => false,
)
[ info ] [ DB ] INIT mysql
[ info ] [ VIEW ] ./themes/admin/menu\edit.html [ array (
  0 => 'menu',
  1 => 'controller',
  2 => 'root',
  3 => 'admin_menu_level_list',
  4 => 'admin_menu',
) ]
[ info ] [ LOG ] INIT File
[ sql ] [ DB ] CONNECT:[ UseTime:0.001511s ] mysql:host=127.0.0.1;port=3306;dbname=quantumex;charset=utf8
[ sql ] [ SQL ] SHOW COLUMNS FROM `max_auth_group_access` [ RunTime:0.004366s ]
[ sql ] [ SQL ] SELECT `AuthGroupAccess`.`uid`,`AuthGroupAccess`.`group_id`,`AuthGroup`.`title`,`AuthGroup`.`rules` FROM `max_auth_group_access` `AuthGroupAccess` LEFT JOIN `max_auth_group` `AuthGroup` ON `AuthGroupAccess`.`group_id`=`AuthGroup`.`id` WHERE  (  AuthGroupAccess.uid='1' and AuthGroup.status='1' ) [ RunTime:0.000307s ]
[ sql ] [ SQL ] SHOW COLUMNS FROM `max_auth_rule` [ RunTime:0.005828s ]
[ sql ] [ SQL ] SELECT * FROM `max_auth_rule` WHERE  `status` = 1 ORDER BY `sort`  DESC,`id`  ASC [ RunTime:0.000976s ]
[ sql ] [ SQL ] SELECT * FROM `max_auth_rule` ORDER BY `sort`  DESC,`id`  ASC [ RunTime:0.000383s ]
[ sql ] [ SQL ] SELECT * FROM `max_auth_rule` WHERE  `id` = 76 LIMIT 1 [ RunTime:0.000501s ]
---------------------------------------------------------------
[ 2020-09-03T00:58:58+08:00 ] 127.0.0.1 GET /public/static/common/images/admin_logo.png
[ info ] www.qua.com/public/static/common/images/admin_logo.png [运行时间：0.027754s][吞吐率：36.03req/s] [内存消耗：863.42kb] [文件加载：73]
[ info ] [ LANG ] D:\www\quantumex\thinkphp/lang/zh-cn.php
[ info ] [ BIND ] 'index'
[ info ] [ ROUTE ] array (
)
[ info ] [ HEADER ] array (
  'cookie' => 'thinkphp_show_page_trace=0|0; PHPSESSID=2m4n427kabfdv7p4037oa44hv6',
  'accept-language' => 'zh-CN,zh;q=0.9',
  'accept-encoding' => 'gzip, deflate',
  'referer' => 'http://www.qua.com/admin.php/menu/edit/id/76.html',
  'accept' => 'image/webp,image/apng,image/*,*/*;q=0.8',
  'user-agent' => 'Mozilla/5.0 (Windows NT 10.0; Win64; x64) AppleWebKit/537.36 (KHTML, like Gecko) Chrome/84.0.4147.125 Safari/537.36',
  'connection' => 'keep-alive',
  'host' => 'www.qua.com',
  'content-length' => '',
  'content-type' => '',
)
[ info ] [ PARAM ] array (
)
[ info ] [ CACHE ] INIT File
[ info ] [ BEHAVIOR ] Run app\common\behavior\Base->run @app_begin [ RunTime:0.006029s ]
[ info ] [ LOG ] INIT File
---------------------------------------------------------------
[ 2020-09-03T00:59:00+08:00 ] 127.0.0.1 GET /admin.php/deposit/index.html
[ info ] www.qua.com/admin.php/deposit/index.html [运行时间：0.018300s][吞吐率：54.64req/s] [内存消耗：845.79kb] [文件加载：73]
[ info ] [ LANG ] D:\www\quantumex\thinkphp/lang/zh-cn.php
[ info ] [ BIND ] 'admin'
[ info ] [ ROUTE ] array (
)
[ info ] [ HEADER ] array (
  'cookie' => 'thinkphp_show_page_trace=0|0; PHPSESSID=2m4n427kabfdv7p4037oa44hv6',
  'accept-language' => 'zh-CN,zh;q=0.9',
  'accept-encoding' => 'gzip, deflate',
  'referer' => 'http://www.qua.com/admin.php/menu/edit/id/76.html',
  'accept' => 'text/html,application/xhtml+xml,application/xml;q=0.9,image/webp,image/apng,*/*;q=0.8,application/signed-exchange;v=b3;q=0.9',
  'user-agent' => 'Mozilla/5.0 (Windows NT 10.0; Win64; x64) AppleWebKit/537.36 (KHTML, like Gecko) Chrome/84.0.4147.125 Safari/537.36',
  'upgrade-insecure-requests' => '1',
  'connection' => 'keep-alive',
  'host' => 'www.qua.com',
  'content-length' => '',
  'content-type' => '',
)
[ info ] [ PARAM ] array (
)
[ info ] [ CACHE ] INIT File
[ info ] [ BEHAVIOR ] Run app\common\behavior\Base->run @app_begin [ RunTime:0.003919s ]
[ info ] [ LOG ] INIT File
---------------------------------------------------------------
[ 2020-09-03T01:00:22+08:00 ] 127.0.0.1 GET /admin.php/deposit/index.html
[ info ] www.qua.com/admin.php/deposit/index.html [运行时间：0.056058s][吞吐率：17.84req/s] [内存消耗：1,834.16kb] [文件加载：90]
[ info ] [ LANG ] D:\www\quantumex\thinkphp/lang/zh-cn.php
[ info ] [ BIND ] 'admin'
[ info ] [ ROUTE ] array (
)
[ info ] [ HEADER ] array (
  'cookie' => 'thinkphp_show_page_trace=0|0; thinkphp_show_page_trace=0|0; PHPSESSID=2m4n427kabfdv7p4037oa44hv6',
  'accept-language' => 'zh-CN,zh;q=0.9',
  'accept-encoding' => 'gzip, deflate',
  'referer' => 'http://www.qua.com/admin.php/menu/edit/id/76.html',
  'accept' => 'text/html,application/xhtml+xml,application/xml;q=0.9,image/webp,image/apng,*/*;q=0.8,application/signed-exchange;v=b3;q=0.9',
  'user-agent' => 'Mozilla/5.0 (Windows NT 10.0; Win64; x64) AppleWebKit/537.36 (KHTML, like Gecko) Chrome/84.0.4147.125 Safari/537.36',
  'upgrade-insecure-requests' => '1',
  'cache-control' => 'max-age=0',
  'connection' => 'keep-alive',
  'host' => 'www.qua.com',
  'content-length' => '',
  'content-type' => '',
)
[ info ] [ PARAM ] array (
)
[ info ] [ CACHE ] INIT File
[ info ] [ BEHAVIOR ] Run app\common\behavior\Base->run @app_begin [ RunTime:0.004188s ]
[ info ] [ SESSION ] INIT array (
  'id' => '',
  'var_session_id' => '',
  'prefix' => 'think',
  'type' => '',
  'auto_start' => true,
  'httponly' => true,
  'secure' => false,
)
[ info ] [ DB ] INIT mysql
[ info ] [ LOG ] INIT File
[ sql ] [ DB ] CONNECT:[ UseTime:0.001541s ] mysql:host=127.0.0.1;port=3306;dbname=quantumex;charset=utf8
[ sql ] [ SQL ] SHOW COLUMNS FROM `max_auth_group_access` [ RunTime:0.005269s ]
[ sql ] [ SQL ] SELECT `AuthGroupAccess`.`uid`,`AuthGroupAccess`.`group_id`,`AuthGroup`.`title`,`AuthGroup`.`rules` FROM `max_auth_group_access` `AuthGroupAccess` LEFT JOIN `max_auth_group` `AuthGroup` ON `AuthGroupAccess`.`group_id`=`AuthGroup`.`id` WHERE  (  AuthGroupAccess.uid='1' and AuthGroup.status='1' ) [ RunTime:0.000415s ]
[ sql ] [ SQL ] SHOW COLUMNS FROM `max_auth_rule` [ RunTime:0.006386s ]
[ sql ] [ SQL ] SELECT * FROM `max_auth_rule` WHERE  `status` = 1 ORDER BY `sort`  DESC,`id`  ASC [ RunTime:0.000370s ]
[ error ] [10501]SQLSTATE[42S02]: Base table or view not found: 1146 Table 'quantumex.max_slide_category' doesn't exist[D:\www\quantumex\thinkphp\library\think\db\Connection.php:675]
---------------------------------------------------------------
[ 2020-09-03T01:01:35+08:00 ] 127.0.0.1 GET /admin.php/deposit/index.html
[ info ] www.qua.com/admin.php/deposit/index.html [运行时间：0.060153s][吞吐率：16.62req/s] [内存消耗：1,883.70kb] [文件加载：92]
[ info ] [ LANG ] D:\www\quantumex\thinkphp/lang/zh-cn.php
[ info ] [ BIND ] 'admin'
[ info ] [ ROUTE ] array (
)
[ info ] [ HEADER ] array (
  'cookie' => 'thinkphp_show_page_trace=0|0; thinkphp_show_page_trace=0|0; PHPSESSID=2m4n427kabfdv7p4037oa44hv6',
  'accept-language' => 'zh-CN,zh;q=0.9',
  'accept-encoding' => 'gzip, deflate',
  'referer' => 'http://www.qua.com/admin.php/menu/edit/id/76.html',
  'accept' => 'text/html,application/xhtml+xml,application/xml;q=0.9,image/webp,image/apng,*/*;q=0.8,application/signed-exchange;v=b3;q=0.9',
  'user-agent' => 'Mozilla/5.0 (Windows NT 10.0; Win64; x64) AppleWebKit/537.36 (KHTML, like Gecko) Chrome/84.0.4147.125 Safari/537.36',
  'upgrade-insecure-requests' => '1',
  'cache-control' => 'max-age=0',
  'connection' => 'keep-alive',
  'host' => 'www.qua.com',
  'content-length' => '',
  'content-type' => '',
)
[ info ] [ PARAM ] array (
)
[ info ] [ CACHE ] INIT File
[ info ] [ BEHAVIOR ] Run app\common\behavior\Base->run @app_begin [ RunTime:0.004201s ]
[ info ] [ SESSION ] INIT array (
  'id' => '',
  'var_session_id' => '',
  'prefix' => 'think',
  'type' => '',
  'auto_start' => true,
  'httponly' => true,
  'secure' => false,
)
[ info ] [ DB ] INIT mysql
[ info ] [ LOG ] INIT File
[ sql ] [ DB ] CONNECT:[ UseTime:0.011798s ] mysql:host=127.0.0.1;port=3306;dbname=quantumex;charset=utf8
[ sql ] [ SQL ] SHOW COLUMNS FROM `max_auth_group_access` [ RunTime:0.004585s ]
[ sql ] [ SQL ] SELECT `AuthGroupAccess`.`uid`,`AuthGroupAccess`.`group_id`,`AuthGroup`.`title`,`AuthGroup`.`rules` FROM `max_auth_group_access` `AuthGroupAccess` LEFT JOIN `max_auth_group` `AuthGroup` ON `AuthGroupAccess`.`group_id`=`AuthGroup`.`id` WHERE  (  AuthGroupAccess.uid='1' and AuthGroup.status='1' ) [ RunTime:0.000315s ]
[ sql ] [ SQL ] SHOW COLUMNS FROM `max_auth_rule` [ RunTime:0.004895s ]
[ sql ] [ SQL ] SELECT * FROM `max_auth_rule` WHERE  `status` = 1 ORDER BY `sort`  DESC,`id`  ASC [ RunTime:0.000484s ]
[ sql ] [ SQL ] SHOW COLUMNS FROM `max_deposit` [ RunTime:0.004813s ]
[ error ] [10501]SQLSTATE[42S22]: Column not found: 1054 Unknown column 'status' in 'where clause'[D:\www\quantumex\thinkphp\library\think\db\Connection.php:675]
---------------------------------------------------------------
[ 2020-09-03T01:03:47+08:00 ] 127.0.0.1 GET /admin.php/deposit/index.html
[ info ] www.qua.com/admin.php/deposit/index.html [运行时间：0.054622s][吞吐率：18.31req/s] [内存消耗：2,085.73kb] [文件加载：94]
[ info ] [ LANG ] D:\www\quantumex\thinkphp/lang/zh-cn.php
[ info ] [ BIND ] 'admin'
[ info ] [ ROUTE ] array (
)
[ info ] [ HEADER ] array (
  'cookie' => 'thinkphp_show_page_trace=0|0; thinkphp_show_page_trace=0|0; PHPSESSID=2m4n427kabfdv7p4037oa44hv6',
  'accept-language' => 'zh-CN,zh;q=0.9',
  'accept-encoding' => 'gzip, deflate',
  'referer' => 'http://www.qua.com/admin.php/menu/edit/id/76.html',
  'accept' => 'text/html,application/xhtml+xml,application/xml;q=0.9,image/webp,image/apng,*/*;q=0.8,application/signed-exchange;v=b3;q=0.9',
  'user-agent' => 'Mozilla/5.0 (Windows NT 10.0; Win64; x64) AppleWebKit/537.36 (KHTML, like Gecko) Chrome/84.0.4147.125 Safari/537.36',
  'upgrade-insecure-requests' => '1',
  'cache-control' => 'max-age=0',
  'connection' => 'keep-alive',
  'host' => 'www.qua.com',
  'content-length' => '',
  'content-type' => '',
)
[ info ] [ PARAM ] array (
)
[ info ] [ CACHE ] INIT File
[ info ] [ BEHAVIOR ] Run app\common\behavior\Base->run @app_begin [ RunTime:0.004329s ]
[ info ] [ SESSION ] INIT array (
  'id' => '',
  'var_session_id' => '',
  'prefix' => 'think',
  'type' => '',
  'auto_start' => true,
  'httponly' => true,
  'secure' => false,
)
[ info ] [ DB ] INIT mysql
[ info ] [ VIEW ] ./themes/admin/deposit\index.html [ array (
  0 => 'menu',
  1 => 'controller',
  2 => 'root',
  3 => 'dataList',
) ]
[ info ] [ LOG ] INIT File
[ sql ] [ DB ] CONNECT:[ UseTime:0.001564s ] mysql:host=127.0.0.1;port=3306;dbname=quantumex;charset=utf8
[ sql ] [ SQL ] SHOW COLUMNS FROM `max_auth_group_access` [ RunTime:0.005248s ]
[ sql ] [ SQL ] SELECT `AuthGroupAccess`.`uid`,`AuthGroupAccess`.`group_id`,`AuthGroup`.`title`,`AuthGroup`.`rules` FROM `max_auth_group_access` `AuthGroupAccess` LEFT JOIN `max_auth_group` `AuthGroup` ON `AuthGroupAccess`.`group_id`=`AuthGroup`.`id` WHERE  (  AuthGroupAccess.uid='1' and AuthGroup.status='1' ) [ RunTime:0.000340s ]
[ sql ] [ SQL ] SHOW COLUMNS FROM `max_auth_rule` [ RunTime:0.004839s ]
[ sql ] [ SQL ] SELECT * FROM `max_auth_rule` WHERE  `status` = 1 ORDER BY `sort`  DESC,`id`  ASC [ RunTime:0.000517s ]
[ sql ] [ SQL ] SHOW COLUMNS FROM `max_deposit` [ RunTime:0.004592s ]
[ sql ] [ SQL ] SELECT COUNT(*) AS tp_count FROM `max_deposit` WHERE  `status` = 1 LIMIT 1 [ RunTime:0.002054s ]
[ sql ] [ SQL ] SELECT * FROM `max_deposit` WHERE  `status` = 1 LIMIT 0,10 [ RunTime:0.000340s ]
---------------------------------------------------------------
[ 2020-09-03T01:03:47+08:00 ] 127.0.0.1 GET /public/static/common/images/admin_logo.png
[ info ] www.qua.com/public/static/common/images/admin_logo.png [运行时间：0.028032s][吞吐率：35.67req/s] [内存消耗：863.38kb] [文件加载：73]
[ info ] [ LANG ] D:\www\quantumex\thinkphp/lang/zh-cn.php
[ info ] [ BIND ] 'index'
[ info ] [ ROUTE ] array (
)
[ info ] [ HEADER ] array (
  'cookie' => 'thinkphp_show_page_trace=0|0; PHPSESSID=2m4n427kabfdv7p4037oa44hv6',
  'accept-language' => 'zh-CN,zh;q=0.9',
  'accept-encoding' => 'gzip, deflate',
  'referer' => 'http://www.qua.com/admin.php/deposit/index.html',
  'accept' => 'image/webp,image/apng,image/*,*/*;q=0.8',
  'user-agent' => 'Mozilla/5.0 (Windows NT 10.0; Win64; x64) AppleWebKit/537.36 (KHTML, like Gecko) Chrome/84.0.4147.125 Safari/537.36',
  'connection' => 'keep-alive',
  'host' => 'www.qua.com',
  'content-length' => '',
  'content-type' => '',
)
[ info ] [ PARAM ] array (
)
[ info ] [ CACHE ] INIT File
[ info ] [ BEHAVIOR ] Run app\common\behavior\Base->run @app_begin [ RunTime:0.005592s ]
[ info ] [ LOG ] INIT File
---------------------------------------------------------------
[ 2020-09-03T01:05:22+08:00 ] 127.0.0.1 GET /admin.php/deposit/index.html
[ info ] www.qua.com/admin.php/deposit/index.html [运行时间：0.053814s][吞吐率：18.58req/s] [内存消耗：2,086.23kb] [文件加载：94]
[ info ] [ LANG ] D:\www\quantumex\thinkphp/lang/zh-cn.php
[ info ] [ BIND ] 'admin'
[ info ] [ ROUTE ] array (
)
[ info ] [ HEADER ] array (
  'cookie' => 'thinkphp_show_page_trace=0|0; thinkphp_show_page_trace=0|0; PHPSESSID=2m4n427kabfdv7p4037oa44hv6',
  'accept-language' => 'zh-CN,zh;q=0.9',
  'accept-encoding' => 'gzip, deflate',
  'referer' => 'http://www.qua.com/admin.php/menu/edit/id/76.html',
  'accept' => 'text/html,application/xhtml+xml,application/xml;q=0.9,image/webp,image/apng,*/*;q=0.8,application/signed-exchange;v=b3;q=0.9',
  'user-agent' => 'Mozilla/5.0 (Windows NT 10.0; Win64; x64) AppleWebKit/537.36 (KHTML, like Gecko) Chrome/84.0.4147.125 Safari/537.36',
  'upgrade-insecure-requests' => '1',
  'cache-control' => 'max-age=0',
  'connection' => 'keep-alive',
  'host' => 'www.qua.com',
  'content-length' => '',
  'content-type' => '',
)
[ info ] [ PARAM ] array (
)
[ info ] [ CACHE ] INIT File
[ info ] [ BEHAVIOR ] Run app\common\behavior\Base->run @app_begin [ RunTime:0.003839s ]
[ info ] [ SESSION ] INIT array (
  'id' => '',
  'var_session_id' => '',
  'prefix' => 'think',
  'type' => '',
  'auto_start' => true,
  'httponly' => true,
  'secure' => false,
)
[ info ] [ DB ] INIT mysql
[ info ] [ VIEW ] ./themes/admin/deposit\index.html [ array (
  0 => 'menu',
  1 => 'controller',
  2 => 'root',
  3 => 'dataList',
) ]
[ info ] [ LOG ] INIT File
[ sql ] [ DB ] CONNECT:[ UseTime:0.001556s ] mysql:host=127.0.0.1;port=3306;dbname=quantumex;charset=utf8
[ sql ] [ SQL ] SHOW COLUMNS FROM `max_auth_group_access` [ RunTime:0.006702s ]
[ sql ] [ SQL ] SELECT `AuthGroupAccess`.`uid`,`AuthGroupAccess`.`group_id`,`AuthGroup`.`title`,`AuthGroup`.`rules` FROM `max_auth_group_access` `AuthGroupAccess` LEFT JOIN `max_auth_group` `AuthGroup` ON `AuthGroupAccess`.`group_id`=`AuthGroup`.`id` WHERE  (  AuthGroupAccess.uid='1' and AuthGroup.status='1' ) [ RunTime:0.000459s ]
[ sql ] [ SQL ] SHOW COLUMNS FROM `max_auth_rule` [ RunTime:0.007638s ]
[ sql ] [ SQL ] SELECT * FROM `max_auth_rule` WHERE  `status` = 1 ORDER BY `sort`  DESC,`id`  ASC [ RunTime:0.000489s ]
[ sql ] [ SQL ] SHOW COLUMNS FROM `max_deposit` [ RunTime:0.005368s ]
[ sql ] [ SQL ] SELECT COUNT(*) AS tp_count FROM `max_deposit` WHERE  `status` = 1 LIMIT 1 [ RunTime:0.000257s ]
[ sql ] [ SQL ] SELECT * FROM `max_deposit` WHERE  `status` = 1 LIMIT 0,10 [ RunTime:0.000231s ]
---------------------------------------------------------------
[ 2020-09-03T01:05:22+08:00 ] 127.0.0.1 GET /public/static/common/images/admin_logo.png
[ info ] www.qua.com/public/static/common/images/admin_logo.png [运行时间：0.030464s][吞吐率：32.83req/s] [内存消耗：863.38kb] [文件加载：73]
[ info ] [ LANG ] D:\www\quantumex\thinkphp/lang/zh-cn.php
[ info ] [ BIND ] 'index'
[ info ] [ ROUTE ] array (
)
[ info ] [ HEADER ] array (
  'cookie' => 'thinkphp_show_page_trace=0|0; PHPSESSID=2m4n427kabfdv7p4037oa44hv6',
  'accept-language' => 'zh-CN,zh;q=0.9',
  'accept-encoding' => 'gzip, deflate',
  'referer' => 'http://www.qua.com/admin.php/deposit/index.html',
  'accept' => 'image/webp,image/apng,image/*,*/*;q=0.8',
  'user-agent' => 'Mozilla/5.0 (Windows NT 10.0; Win64; x64) AppleWebKit/537.36 (KHTML, like Gecko) Chrome/84.0.4147.125 Safari/537.36',
  'connection' => 'keep-alive',
  'host' => 'www.qua.com',
  'content-length' => '',
  'content-type' => '',
)
[ info ] [ PARAM ] array (
)
[ info ] [ CACHE ] INIT File
[ info ] [ BEHAVIOR ] Run app\common\behavior\Base->run @app_begin [ RunTime:0.007104s ]
[ info ] [ LOG ] INIT File
---------------------------------------------------------------
[ 2020-09-03T01:05:48+08:00 ] 127.0.0.1 GET /admin.php/deposit/index.html
[ info ] www.qua.com/admin.php/deposit/index.html [运行时间：0.057522s][吞吐率：17.38req/s] [内存消耗：2,085.97kb] [文件加载：94]
[ info ] [ LANG ] D:\www\quantumex\thinkphp/lang/zh-cn.php
[ info ] [ BIND ] 'admin'
[ info ] [ ROUTE ] array (
)
[ info ] [ HEADER ] array (
  'cookie' => 'thinkphp_show_page_trace=0|0; thinkphp_show_page_trace=0|0; PHPSESSID=2m4n427kabfdv7p4037oa44hv6',
  'accept-language' => 'zh-CN,zh;q=0.9',
  'accept-encoding' => 'gzip, deflate',
  'referer' => 'http://www.qua.com/admin.php/menu/edit/id/76.html',
  'accept' => 'text/html,application/xhtml+xml,application/xml;q=0.9,image/webp,image/apng,*/*;q=0.8,application/signed-exchange;v=b3;q=0.9',
  'user-agent' => 'Mozilla/5.0 (Windows NT 10.0; Win64; x64) AppleWebKit/537.36 (KHTML, like Gecko) Chrome/84.0.4147.125 Safari/537.36',
  'upgrade-insecure-requests' => '1',
  'cache-control' => 'max-age=0',
  'connection' => 'keep-alive',
  'host' => 'www.qua.com',
  'content-length' => '',
  'content-type' => '',
)
[ info ] [ PARAM ] array (
)
[ info ] [ CACHE ] INIT File
[ info ] [ BEHAVIOR ] Run app\common\behavior\Base->run @app_begin [ RunTime:0.004609s ]
[ info ] [ SESSION ] INIT array (
  'id' => '',
  'var_session_id' => '',
  'prefix' => 'think',
  'type' => '',
  'auto_start' => true,
  'httponly' => true,
  'secure' => false,
)
[ info ] [ DB ] INIT mysql
[ info ] [ VIEW ] ./themes/admin/deposit\index.html [ array (
  0 => 'menu',
  1 => 'controller',
  2 => 'root',
  3 => 'dataList',
) ]
[ info ] [ LOG ] INIT File
[ sql ] [ DB ] CONNECT:[ UseTime:0.001506s ] mysql:host=127.0.0.1;port=3306;dbname=quantumex;charset=utf8
[ sql ] [ SQL ] SHOW COLUMNS FROM `max_auth_group_access` [ RunTime:0.007651s ]
[ sql ] [ SQL ] SELECT `AuthGroupAccess`.`uid`,`AuthGroupAccess`.`group_id`,`AuthGroup`.`title`,`AuthGroup`.`rules` FROM `max_auth_group_access` `AuthGroupAccess` LEFT JOIN `max_auth_group` `AuthGroup` ON `AuthGroupAccess`.`group_id`=`AuthGroup`.`id` WHERE  (  AuthGroupAccess.uid='1' and AuthGroup.status='1' ) [ RunTime:0.000535s ]
[ sql ] [ SQL ] SHOW COLUMNS FROM `max_auth_rule` [ RunTime:0.006584s ]
[ sql ] [ SQL ] SELECT * FROM `max_auth_rule` WHERE  `status` = 1 ORDER BY `sort`  DESC,`id`  ASC [ RunTime:0.000469s ]
[ sql ] [ SQL ] SHOW COLUMNS FROM `max_deposit` [ RunTime:0.005652s ]
[ sql ] [ SQL ] SELECT COUNT(*) AS tp_count FROM `max_deposit` WHERE  `status` = 1 LIMIT 1 [ RunTime:0.000247s ]
[ sql ] [ SQL ] SELECT * FROM `max_deposit` WHERE  `status` = 1 LIMIT 0,10 [ RunTime:0.000222s ]
---------------------------------------------------------------
[ 2020-09-03T01:05:48+08:00 ] 127.0.0.1 GET /public/static/common/images/admin_logo.png
[ info ] www.qua.com/public/static/common/images/admin_logo.png [运行时间：0.027288s][吞吐率：36.65req/s] [内存消耗：863.38kb] [文件加载：73]
[ info ] [ LANG ] D:\www\quantumex\thinkphp/lang/zh-cn.php
[ info ] [ BIND ] 'index'
[ info ] [ ROUTE ] array (
)
[ info ] [ HEADER ] array (
  'cookie' => 'thinkphp_show_page_trace=0|0; PHPSESSID=2m4n427kabfdv7p4037oa44hv6',
  'accept-language' => 'zh-CN,zh;q=0.9',
  'accept-encoding' => 'gzip, deflate',
  'referer' => 'http://www.qua.com/admin.php/deposit/index.html',
  'accept' => 'image/webp,image/apng,image/*,*/*;q=0.8',
  'user-agent' => 'Mozilla/5.0 (Windows NT 10.0; Win64; x64) AppleWebKit/537.36 (KHTML, like Gecko) Chrome/84.0.4147.125 Safari/537.36',
  'connection' => 'keep-alive',
  'host' => 'www.qua.com',
  'content-length' => '',
  'content-type' => '',
)
[ info ] [ PARAM ] array (
)
[ info ] [ CACHE ] INIT File
[ info ] [ BEHAVIOR ] Run app\common\behavior\Base->run @app_begin [ RunTime:0.005970s ]
[ info ] [ LOG ] INIT File
---------------------------------------------------------------
[ 2020-09-03T01:05:51+08:00 ] 127.0.0.1 GET /admin.php/change_password/index.html
[ info ] www.qua.com/admin.php/change_password/index.html [运行时间：0.052079s][吞吐率：19.20req/s] [内存消耗：1,989.91kb] [文件加载：91]
[ info ] [ LANG ] D:\www\quantumex\thinkphp/lang/zh-cn.php
[ info ] [ BIND ] 'admin'
[ info ] [ ROUTE ] array (
)
[ info ] [ HEADER ] array (
  'cookie' => 'thinkphp_show_page_trace=0|0; PHPSESSID=2m4n427kabfdv7p4037oa44hv6',
  'accept-language' => 'zh-CN,zh;q=0.9',
  'accept-encoding' => 'gzip, deflate',
  'referer' => 'http://www.qua.com/admin.php/deposit/index.html',
  'accept' => 'text/html,application/xhtml+xml,application/xml;q=0.9,image/webp,image/apng,*/*;q=0.8,application/signed-exchange;v=b3;q=0.9',
  'user-agent' => 'Mozilla/5.0 (Windows NT 10.0; Win64; x64) AppleWebKit/537.36 (KHTML, like Gecko) Chrome/84.0.4147.125 Safari/537.36',
  'upgrade-insecure-requests' => '1',
  'connection' => 'keep-alive',
  'host' => 'www.qua.com',
  'content-length' => '',
  'content-type' => '',
)
[ info ] [ PARAM ] array (
)
[ info ] [ CACHE ] INIT File
[ info ] [ BEHAVIOR ] Run app\common\behavior\Base->run @app_begin [ RunTime:0.004029s ]
[ info ] [ SESSION ] INIT array (
  'id' => '',
  'var_session_id' => '',
  'prefix' => 'think',
  'type' => '',
  'auto_start' => true,
  'httponly' => true,
  'secure' => false,
)
[ info ] [ DB ] INIT mysql
[ info ] [ VIEW ] ./themes/admin/system\change_password.html [ array (
  0 => 'menu',
  1 => 'controller',
  2 => 'root',
) ]
[ info ] [ LOG ] INIT File
[ sql ] [ DB ] CONNECT:[ UseTime:0.001736s ] mysql:host=127.0.0.1;port=3306;dbname=quantumex;charset=utf8
[ sql ] [ SQL ] SHOW COLUMNS FROM `max_auth_group_access` [ RunTime:0.006482s ]
[ sql ] [ SQL ] SELECT `AuthGroupAccess`.`uid`,`AuthGroupAccess`.`group_id`,`AuthGroup`.`title`,`AuthGroup`.`rules` FROM `max_auth_group_access` `AuthGroupAccess` LEFT JOIN `max_auth_group` `AuthGroup` ON `AuthGroupAccess`.`group_id`=`AuthGroup`.`id` WHERE  (  AuthGroupAccess.uid='1' and AuthGroup.status='1' ) [ RunTime:0.000527s ]
[ sql ] [ SQL ] SHOW COLUMNS FROM `max_auth_rule` [ RunTime:0.004682s ]
[ sql ] [ SQL ] SELECT * FROM `max_auth_rule` WHERE  `status` = 1 ORDER BY `sort`  DESC,`id`  ASC [ RunTime:0.000334s ]
---------------------------------------------------------------
[ 2020-09-03T01:05:51+08:00 ] 127.0.0.1 GET /public/static/common/images/admin_logo.png
[ info ] www.qua.com/public/static/common/images/admin_logo.png [运行时间：0.025489s][吞吐率：39.23req/s] [内存消耗：863.43kb] [文件加载：73]
[ info ] [ LANG ] D:\www\quantumex\thinkphp/lang/zh-cn.php
[ info ] [ BIND ] 'index'
[ info ] [ ROUTE ] array (
)
[ info ] [ HEADER ] array (
  'cookie' => 'thinkphp_show_page_trace=0|0; PHPSESSID=2m4n427kabfdv7p4037oa44hv6',
  'accept-language' => 'zh-CN,zh;q=0.9',
  'accept-encoding' => 'gzip, deflate',
  'referer' => 'http://www.qua.com/admin.php/change_password/index.html',
  'accept' => 'image/webp,image/apng,image/*,*/*;q=0.8',
  'user-agent' => 'Mozilla/5.0 (Windows NT 10.0; Win64; x64) AppleWebKit/537.36 (KHTML, like Gecko) Chrome/84.0.4147.125 Safari/537.36',
  'connection' => 'keep-alive',
  'host' => 'www.qua.com',
  'content-length' => '',
  'content-type' => '',
)
[ info ] [ PARAM ] array (
)
[ info ] [ CACHE ] INIT File
[ info ] [ BEHAVIOR ] Run app\common\behavior\Base->run @app_begin [ RunTime:0.004197s ]
[ info ] [ LOG ] INIT File
---------------------------------------------------------------
[ 2020-09-03T01:05:53+08:00 ] 127.0.0.1 GET /admin.php/system/clear.html
[ info ] www.qua.com/admin.php/system/clear.html [运行时间：0.038872s][吞吐率：25.73req/s] [内存消耗：1,838.98kb] [文件加载：88]
[ info ] [ LANG ] D:\www\quantumex\thinkphp/lang/zh-cn.php
[ info ] [ BIND ] 'admin'
[ info ] [ ROUTE ] array (
)
[ info ] [ HEADER ] array (
  'cookie' => 'thinkphp_show_page_trace=0|0; PHPSESSID=2m4n427kabfdv7p4037oa44hv6',
  'accept-language' => 'zh-CN,zh;q=0.9',
  'accept-encoding' => 'gzip, deflate',
  'referer' => 'http://www.qua.com/admin.php/change_password/index.html',
  'x-requested-with' => 'XMLHttpRequest',
  'user-agent' => 'Mozilla/5.0 (Windows NT 10.0; Win64; x64) AppleWebKit/537.36 (KHTML, like Gecko) Chrome/84.0.4147.125 Safari/537.36',
  'accept' => 'application/json, text/javascript, */*; q=0.01',
  'connection' => 'keep-alive',
  'host' => 'www.qua.com',
  'content-length' => '',
  'content-type' => '',
)
[ info ] [ PARAM ] array (
)
[ info ] [ CACHE ] INIT File
[ info ] [ BEHAVIOR ] Run app\common\behavior\Base->run @app_begin [ RunTime:0.003636s ]
[ info ] [ SESSION ] INIT array (
  'id' => '',
  'var_session_id' => '',
  'prefix' => 'think',
  'type' => '',
  'auto_start' => true,
  'httponly' => true,
  'secure' => false,
)
[ info ] [ DB ] INIT mysql
[ info ] [ LOG ] INIT File
[ sql ] [ DB ] CONNECT:[ UseTime:0.001506s ] mysql:host=127.0.0.1;port=3306;dbname=quantumex;charset=utf8
[ sql ] [ SQL ] SHOW COLUMNS FROM `max_auth_rule` [ RunTime:0.004465s ]
[ sql ] [ SQL ] SELECT * FROM `max_auth_rule` WHERE  `status` = 1 ORDER BY `sort`  DESC,`id`  ASC [ RunTime:0.000428s ]
[ sql ] [ SQL ] SHOW COLUMNS FROM `max_auth_group_access` [ RunTime:0.004076s ]
[ sql ] [ SQL ] SELECT `AuthGroupAccess`.`uid`,`AuthGroupAccess`.`group_id`,`AuthGroup`.`title`,`AuthGroup`.`rules` FROM `max_auth_group_access` `AuthGroupAccess` LEFT JOIN `max_auth_group` `AuthGroup` ON `AuthGroupAccess`.`group_id`=`AuthGroup`.`id` WHERE  (  AuthGroupAccess.uid='1' and AuthGroup.status='1' ) [ RunTime:0.000349s ]
---------------------------------------------------------------
[ 2020-09-03T01:05:54+08:00 ] 127.0.0.1 GET /admin.php/change_password/index.html
[ info ] www.qua.com/admin.php/change_password/index.html [运行时间：0.051852s][吞吐率：19.29req/s] [内存消耗：1,870.52kb] [文件加载：89]
[ info ] [ LANG ] D:\www\quantumex\thinkphp/lang/zh-cn.php
[ info ] [ BIND ] 'admin'
[ info ] [ ROUTE ] array (
)
[ info ] [ HEADER ] array (
  'cookie' => 'thinkphp_show_page_trace=0|0; thinkphp_show_page_trace=0|0; PHPSESSID=2m4n427kabfdv7p4037oa44hv6',
  'accept-language' => 'zh-CN,zh;q=0.9',
  'accept-encoding' => 'gzip, deflate',
  'referer' => 'http://www.qua.com/admin.php/change_password/index.html',
  'accept' => 'text/html,application/xhtml+xml,application/xml;q=0.9,image/webp,image/apng,*/*;q=0.8,application/signed-exchange;v=b3;q=0.9',
  'user-agent' => 'Mozilla/5.0 (Windows NT 10.0; Win64; x64) AppleWebKit/537.36 (KHTML, like Gecko) Chrome/84.0.4147.125 Safari/537.36',
  'upgrade-insecure-requests' => '1',
  'connection' => 'keep-alive',
  'host' => 'www.qua.com',
  'content-length' => '',
  'content-type' => '',
)
[ info ] [ PARAM ] array (
)
[ info ] [ CACHE ] INIT File
[ info ] [ DB ] INIT mysql
[ info ] [ BEHAVIOR ] Run app\common\behavior\Base->run @app_begin [ RunTime:0.020207s ]
[ info ] [ SESSION ] INIT array (
  'id' => '',
  'var_session_id' => '',
  'prefix' => 'think',
  'type' => '',
  'auto_start' => true,
  'httponly' => true,
  'secure' => false,
)
[ info ] [ VIEW ] ./themes/admin/system\change_password.html [ array (
  0 => 'menu',
  1 => 'controller',
  2 => 'root',
) ]
[ info ] [ LOG ] INIT File
[ sql ] [ DB ] CONNECT:[ UseTime:0.001533s ] mysql:host=127.0.0.1;port=3306;dbname=quantumex;charset=utf8
[ sql ] [ SQL ] SHOW COLUMNS FROM `max_system` [ RunTime:0.006614s ]
[ sql ] [ SQL ] SELECT * FROM `max_system` WHERE  `status` = 1 [ RunTime:0.000612s ]
[ sql ] [ SQL ] SHOW COLUMNS FROM `max_auth_group_access` [ RunTime:0.004730s ]
[ sql ] [ SQL ] SELECT `AuthGroupAccess`.`uid`,`AuthGroupAccess`.`group_id`,`AuthGroup`.`title`,`AuthGroup`.`rules` FROM `max_auth_group_access` `AuthGroupAccess` LEFT JOIN `max_auth_group` `AuthGroup` ON `AuthGroupAccess`.`group_id`=`AuthGroup`.`id` WHERE  (  AuthGroupAccess.uid='1' and AuthGroup.status='1' ) [ RunTime:0.000773s ]
[ sql ] [ SQL ] SHOW COLUMNS FROM `max_auth_rule` [ RunTime:0.005309s ]
[ sql ] [ SQL ] SELECT * FROM `max_auth_rule` WHERE  `status` = 1 ORDER BY `sort`  DESC,`id`  ASC [ RunTime:0.000337s ]
---------------------------------------------------------------
[ 2020-09-03T01:05:54+08:00 ] 127.0.0.1 GET /public/static/common/images/admin_logo.png
[ info ] www.qua.com/public/static/common/images/admin_logo.png [运行时间：0.025103s][吞吐率：39.84req/s] [内存消耗：866.60kb] [文件加载：73]
[ info ] [ LANG ] D:\www\quantumex\thinkphp/lang/zh-cn.php
[ info ] [ BIND ] 'index'
[ info ] [ ROUTE ] array (
)
[ info ] [ HEADER ] array (
  'cookie' => 'thinkphp_show_page_trace=0|0; PHPSESSID=2m4n427kabfdv7p4037oa44hv6',
  'accept-language' => 'zh-CN,zh;q=0.9',
  'accept-encoding' => 'gzip, deflate',
  'referer' => 'http://www.qua.com/admin.php/change_password/index.html',
  'accept' => 'image/webp,image/apng,image/*,*/*;q=0.8',
  'user-agent' => 'Mozilla/5.0 (Windows NT 10.0; Win64; x64) AppleWebKit/537.36 (KHTML, like Gecko) Chrome/84.0.4147.125 Safari/537.36',
  'connection' => 'keep-alive',
  'host' => 'www.qua.com',
  'content-length' => '',
  'content-type' => '',
)
[ info ] [ PARAM ] array (
)
[ info ] [ CACHE ] INIT File
[ info ] [ BEHAVIOR ] Run app\common\behavior\Base->run @app_begin [ RunTime:0.004184s ]
[ info ] [ LOG ] INIT File
---------------------------------------------------------------
[ 2020-09-03T01:05:54+08:00 ] 127.0.0.1 GET /admin.php/index/index.html
[ info ] www.qua.com/admin.php/index/index.html [运行时间：0.042558s][吞吐率：23.50req/s] [内存消耗：1,986.76kb] [文件加载：91]
[ info ] [ LANG ] D:\www\quantumex\thinkphp/lang/zh-cn.php
[ info ] [ BIND ] 'admin'
[ info ] [ ROUTE ] array (
)
[ info ] [ HEADER ] array (
  'cookie' => 'thinkphp_show_page_trace=0|0; thinkphp_show_page_trace=0|0; PHPSESSID=2m4n427kabfdv7p4037oa44hv6',
  'accept-language' => 'zh-CN,zh;q=0.9',
  'accept-encoding' => 'gzip, deflate',
  'referer' => 'http://www.qua.com/admin.php/change_password/index.html',
  'accept' => 'text/html,application/xhtml+xml,application/xml;q=0.9,image/webp,image/apng,*/*;q=0.8,application/signed-exchange;v=b3;q=0.9',
  'user-agent' => 'Mozilla/5.0 (Windows NT 10.0; Win64; x64) AppleWebKit/537.36 (KHTML, like Gecko) Chrome/84.0.4147.125 Safari/537.36',
  'upgrade-insecure-requests' => '1',
  'connection' => 'keep-alive',
  'host' => 'www.qua.com',
  'content-length' => '',
  'content-type' => '',
)
[ info ] [ PARAM ] array (
)
[ info ] [ CACHE ] INIT File
[ info ] [ BEHAVIOR ] Run app\common\behavior\Base->run @app_begin [ RunTime:0.004095s ]
[ info ] [ SESSION ] INIT array (
  'id' => '',
  'var_session_id' => '',
  'prefix' => 'think',
  'type' => '',
  'auto_start' => true,
  'httponly' => true,
  'secure' => false,
)
[ info ] [ DB ] INIT mysql
[ info ] [ VIEW ] ./themes/admin/index\index.html [ array (
  0 => 'menu',
  1 => 'controller',
  2 => 'root',
  3 => 'config',
) ]
[ info ] [ LOG ] INIT File
[ sql ] [ DB ] CONNECT:[ UseTime:0.001453s ] mysql:host=127.0.0.1;port=3306;dbname=quantumex;charset=utf8
[ sql ] [ SQL ] SHOW COLUMNS FROM `max_auth_rule` [ RunTime:0.004392s ]
[ sql ] [ SQL ] SELECT * FROM `max_auth_rule` WHERE  `status` = 1 ORDER BY `sort`  DESC,`id`  ASC [ RunTime:0.000680s ]
[ sql ] [ SQL ] SHOW COLUMNS FROM `max_auth_group_access` [ RunTime:0.004519s ]
[ sql ] [ SQL ] SELECT `AuthGroupAccess`.`uid`,`AuthGroupAccess`.`group_id`,`AuthGroup`.`title`,`AuthGroup`.`rules` FROM `max_auth_group_access` `AuthGroupAccess` LEFT JOIN `max_auth_group` `AuthGroup` ON `AuthGroupAccess`.`group_id`=`AuthGroup`.`id` WHERE  (  AuthGroupAccess.uid='1' and AuthGroup.status='1' ) [ RunTime:0.000335s ]
[ sql ] [ SQL ] SELECT VERSION() AS ver [ RunTime:0.000251s ]
---------------------------------------------------------------
[ 2020-09-03T01:05:55+08:00 ] 127.0.0.1 GET /public/static/common/images/admin_logo.png
[ info ] www.qua.com/public/static/common/images/admin_logo.png [运行时间：0.028330s][吞吐率：35.30req/s] [内存消耗：866.56kb] [文件加载：73]
[ info ] [ LANG ] D:\www\quantumex\thinkphp/lang/zh-cn.php
[ info ] [ BIND ] 'index'
[ info ] [ ROUTE ] array (
)
[ info ] [ HEADER ] array (
  'cookie' => 'thinkphp_show_page_trace=0|0; PHPSESSID=2m4n427kabfdv7p4037oa44hv6',
  'accept-language' => 'zh-CN,zh;q=0.9',
  'accept-encoding' => 'gzip, deflate',
  'referer' => 'http://www.qua.com/admin.php/index/index.html',
  'accept' => 'image/webp,image/apng,image/*,*/*;q=0.8',
  'user-agent' => 'Mozilla/5.0 (Windows NT 10.0; Win64; x64) AppleWebKit/537.36 (KHTML, like Gecko) Chrome/84.0.4147.125 Safari/537.36',
  'connection' => 'keep-alive',
  'host' => 'www.qua.com',
  'content-length' => '',
  'content-type' => '',
)
[ info ] [ PARAM ] array (
)
[ info ] [ CACHE ] INIT File
[ info ] [ BEHAVIOR ] Run app\common\behavior\Base->run @app_begin [ RunTime:0.004896s ]
[ info ] [ LOG ] INIT File
---------------------------------------------------------------
[ 2020-09-03T01:05:56+08:00 ] 127.0.0.1 GET /admin.php/deposit/index.html
[ info ] www.qua.com/admin.php/deposit/index.html [运行时间：0.050289s][吞吐率：19.89req/s] [内存消耗：1,958.59kb] [文件加载：92]
[ info ] [ LANG ] D:\www\quantumex\thinkphp/lang/zh-cn.php
[ info ] [ BIND ] 'admin'
[ info ] [ ROUTE ] array (
)
[ info ] [ HEADER ] array (
  'cookie' => 'thinkphp_show_page_trace=0|0; thinkphp_show_page_trace=0|0; PHPSESSID=2m4n427kabfdv7p4037oa44hv6',
  'accept-language' => 'zh-CN,zh;q=0.9',
  'accept-encoding' => 'gzip, deflate',
  'referer' => 'http://www.qua.com/admin.php/index/index.html',
  'accept' => 'text/html,application/xhtml+xml,application/xml;q=0.9,image/webp,image/apng,*/*;q=0.8,application/signed-exchange;v=b3;q=0.9',
  'user-agent' => 'Mozilla/5.0 (Windows NT 10.0; Win64; x64) AppleWebKit/537.36 (KHTML, like Gecko) Chrome/84.0.4147.125 Safari/537.36',
  'upgrade-insecure-requests' => '1',
  'connection' => 'keep-alive',
  'host' => 'www.qua.com',
  'content-length' => '',
  'content-type' => '',
)
[ info ] [ PARAM ] array (
)
[ info ] [ CACHE ] INIT File
[ info ] [ BEHAVIOR ] Run app\common\behavior\Base->run @app_begin [ RunTime:0.005057s ]
[ info ] [ SESSION ] INIT array (
  'id' => '',
  'var_session_id' => '',
  'prefix' => 'think',
  'type' => '',
  'auto_start' => true,
  'httponly' => true,
  'secure' => false,
)
[ info ] [ DB ] INIT mysql
[ info ] [ VIEW ] ./themes/admin/deposit\index.html [ array (
  0 => 'menu',
  1 => 'controller',
  2 => 'root',
  3 => 'dataList',
) ]
[ info ] [ LOG ] INIT File
[ sql ] [ DB ] CONNECT:[ UseTime:0.001385s ] mysql:host=127.0.0.1;port=3306;dbname=quantumex;charset=utf8
[ sql ] [ SQL ] SHOW COLUMNS FROM `max_auth_group_access` [ RunTime:0.005726s ]
[ sql ] [ SQL ] SELECT `AuthGroupAccess`.`uid`,`AuthGroupAccess`.`group_id`,`AuthGroup`.`title`,`AuthGroup`.`rules` FROM `max_auth_group_access` `AuthGroupAccess` LEFT JOIN `max_auth_group` `AuthGroup` ON `AuthGroupAccess`.`group_id`=`AuthGroup`.`id` WHERE  (  AuthGroupAccess.uid='1' and AuthGroup.status='1' ) [ RunTime:0.000371s ]
[ sql ] [ SQL ] SHOW COLUMNS FROM `max_auth_rule` [ RunTime:0.004635s ]
[ sql ] [ SQL ] SELECT * FROM `max_auth_rule` WHERE  `status` = 1 ORDER BY `sort`  DESC,`id`  ASC [ RunTime:0.000370s ]
[ sql ] [ SQL ] SHOW COLUMNS FROM `max_deposit` [ RunTime:0.004765s ]
[ sql ] [ SQL ] SELECT COUNT(*) AS tp_count FROM `max_deposit` WHERE  `status` = 1 LIMIT 1 [ RunTime:0.001054s ]
[ sql ] [ SQL ] SELECT * FROM `max_deposit` WHERE  `status` = 1 LIMIT 0,10 [ RunTime:0.000801s ]
---------------------------------------------------------------
[ 2020-09-03T01:05:56+08:00 ] 127.0.0.1 GET /public/static/common/images/admin_logo.png
[ info ] www.qua.com/public/static/common/images/admin_logo.png [运行时间：0.025487s][吞吐率：39.24req/s] [内存消耗：866.56kb] [文件加载：73]
[ info ] [ LANG ] D:\www\quantumex\thinkphp/lang/zh-cn.php
[ info ] [ BIND ] 'index'
[ info ] [ ROUTE ] array (
)
[ info ] [ HEADER ] array (
  'cookie' => 'thinkphp_show_page_trace=0|0; PHPSESSID=2m4n427kabfdv7p4037oa44hv6',
  'accept-language' => 'zh-CN,zh;q=0.9',
  'accept-encoding' => 'gzip, deflate',
  'referer' => 'http://www.qua.com/admin.php/deposit/index.html',
  'accept' => 'image/webp,image/apng,image/*,*/*;q=0.8',
  'user-agent' => 'Mozilla/5.0 (Windows NT 10.0; Win64; x64) AppleWebKit/537.36 (KHTML, like Gecko) Chrome/84.0.4147.125 Safari/537.36',
  'connection' => 'keep-alive',
  'host' => 'www.qua.com',
  'content-length' => '',
  'content-type' => '',
)
[ info ] [ PARAM ] array (
)
[ info ] [ CACHE ] INIT File
[ info ] [ BEHAVIOR ] Run app\common\behavior\Base->run @app_begin [ RunTime:0.005533s ]
[ info ] [ LOG ] INIT File
---------------------------------------------------------------
[ 2020-09-03T10:10:35+08:00 ] 127.0.0.1 GET /admin.php/deposit/index.html
[ info ] www.qua.com/admin.php/deposit/index.html [运行时间：0.092329s][吞吐率：10.83req/s] [内存消耗：1,958.82kb] [文件加载：92]
[ info ] [ LANG ] D:\www\quantumex\thinkphp/lang/zh-cn.php
[ info ] [ BIND ] 'admin'
[ info ] [ ROUTE ] array (
)
[ info ] [ HEADER ] array (
  'cookie' => 'thinkphp_show_page_trace=0|0; thinkphp_show_page_trace=0|0; PHPSESSID=2m4n427kabfdv7p4037oa44hv6',
  'accept-language' => 'zh-CN,zh;q=0.9',
  'accept-encoding' => 'gzip, deflate',
  'referer' => 'http://www.qua.com/admin.php/index/index.html',
  'accept' => 'text/html,application/xhtml+xml,application/xml;q=0.9,image/webp,image/apng,*/*;q=0.8,application/signed-exchange;v=b3;q=0.9',
  'user-agent' => 'Mozilla/5.0 (Windows NT 10.0; Win64; x64) AppleWebKit/537.36 (KHTML, like Gecko) Chrome/84.0.4147.125 Safari/537.36',
  'upgrade-insecure-requests' => '1',
  'cache-control' => 'max-age=0',
  'connection' => 'keep-alive',
  'host' => 'www.qua.com',
  'content-length' => '',
  'content-type' => '',
)
[ info ] [ PARAM ] array (
)
[ info ] [ CACHE ] INIT File
[ info ] [ BEHAVIOR ] Run app\common\behavior\Base->run @app_begin [ RunTime:0.009753s ]
[ info ] [ SESSION ] INIT array (
  'id' => '',
  'var_session_id' => '',
  'prefix' => 'think',
  'type' => '',
  'auto_start' => true,
  'httponly' => true,
  'secure' => false,
)
[ info ] [ DB ] INIT mysql
[ info ] [ VIEW ] ./themes/admin/deposit\index.html [ array (
  0 => 'menu',
  1 => 'controller',
  2 => 'root',
  3 => 'dataList',
) ]
[ info ] [ LOG ] INIT File
[ sql ] [ DB ] CONNECT:[ UseTime:0.002752s ] mysql:host=127.0.0.1;port=3306;dbname=quantumex;charset=utf8
[ sql ] [ SQL ] SHOW COLUMNS FROM `max_auth_group_access` [ RunTime:0.008626s ]
[ sql ] [ SQL ] SELECT `AuthGroupAccess`.`uid`,`AuthGroupAccess`.`group_id`,`AuthGroup`.`title`,`AuthGroup`.`rules` FROM `max_auth_group_access` `AuthGroupAccess` LEFT JOIN `max_auth_group` `AuthGroup` ON `AuthGroupAccess`.`group_id`=`AuthGroup`.`id` WHERE  (  AuthGroupAccess.uid='1' and AuthGroup.status='1' ) [ RunTime:0.003061s ]
[ sql ] [ SQL ] SHOW COLUMNS FROM `max_auth_rule` [ RunTime:0.007113s ]
[ sql ] [ SQL ] SELECT * FROM `max_auth_rule` WHERE  `status` = 1 ORDER BY `sort`  DESC,`id`  ASC [ RunTime:0.000640s ]
[ sql ] [ SQL ] SHOW COLUMNS FROM `max_deposit` [ RunTime:0.007235s ]
[ sql ] [ SQL ] SELECT COUNT(*) AS tp_count FROM `max_deposit` WHERE  `status` = 1 LIMIT 1 [ RunTime:0.000644s ]
[ sql ] [ SQL ] SELECT * FROM `max_deposit` WHERE  `status` = 1 LIMIT 0,10 [ RunTime:0.000287s ]
---------------------------------------------------------------
[ 2020-09-03T10:10:35+08:00 ] 127.0.0.1 GET /public/static/common/images/admin_logo.png
[ info ] www.qua.com/public/static/common/images/admin_logo.png [运行时间：0.030453s][吞吐率：32.84req/s] [内存消耗：866.56kb] [文件加载：73]
[ info ] [ LANG ] D:\www\quantumex\thinkphp/lang/zh-cn.php
[ info ] [ BIND ] 'index'
[ info ] [ ROUTE ] array (
)
[ info ] [ HEADER ] array (
  'cookie' => 'thinkphp_show_page_trace=0|0; PHPSESSID=2m4n427kabfdv7p4037oa44hv6',
  'accept-language' => 'zh-CN,zh;q=0.9',
  'accept-encoding' => 'gzip, deflate',
  'referer' => 'http://www.qua.com/admin.php/deposit/index.html',
  'accept' => 'image/webp,image/apng,image/*,*/*;q=0.8',
  'user-agent' => 'Mozilla/5.0 (Windows NT 10.0; Win64; x64) AppleWebKit/537.36 (KHTML, like Gecko) Chrome/84.0.4147.125 Safari/537.36',
  'connection' => 'keep-alive',
  'host' => 'www.qua.com',
  'content-length' => '',
  'content-type' => '',
)
[ info ] [ PARAM ] array (
)
[ info ] [ CACHE ] INIT File
[ info ] [ BEHAVIOR ] Run app\common\behavior\Base->run @app_begin [ RunTime:0.005967s ]
[ info ] [ LOG ] INIT File
