---------------------------------------------------------------
[ 2020-09-04T00:28:30+08:00 ] 127.0.0.1 GET /
[ info ] www.qua.com/ [运行时间：0.203508s][吞吐率：4.91req/s] [内存消耗：1,776.30kb] [文件加载：85]
[ info ] [ LANG ] D:\www\quantumex\thinkphp/lang/zh-cn.php
[ info ] [ BIND ] 'index'
[ info ] [ ROUTE ] array (
)
[ info ] [ HEADER ] array (
  'cookie' => 'thinkphp_show_page_trace=0|0; PHPSESSID=2m4n427kabfdv7p4037oa44hv6',
  'accept-language' => 'zh-CN,zh;q=0.9',
  'accept-encoding' => 'gzip, deflate',
  'accept' => 'text/html,application/xhtml+xml,application/xml;q=0.9,image/webp,image/apng,*/*;q=0.8,application/signed-exchange;v=b3;q=0.9',
  'user-agent' => 'Mozilla/5.0 (Windows NT 10.0; Win64; x64) AppleWebKit/537.36 (KHTML, like Gecko) Chrome/84.0.4147.125 Safari/537.36',
  'upgrade-insecure-requests' => '1',
  'cache-control' => 'max-age=0',
  'connection' => 'keep-alive',
  'host' => 'www.qua.com',
  'content-length' => '',
  'content-type' => '',
)
[ info ] [ PARAM ] array (
)
[ info ] [ CACHE ] INIT File
[ info ] [ BEHAVIOR ] Run app\common\behavior\Base->run @app_begin [ RunTime:0.019183s ]
[ info ] [ DB ] INIT mysql
[ info ] [ VIEW ] ./themes/default/index\index.html [ array (
  0 => 'langUrl',
  1 => 'langTxt',
  2 => 'config',
  3 => 'dataList',
) ]
[ info ] [ LOG ] INIT File
[ sql ] [ DB ] CONNECT:[ UseTime:0.036257s ] mysql:host=127.0.0.1;port=3306;dbname=quantumex;charset=utf8
[ sql ] [ SQL ] SHOW COLUMNS FROM `max_system` [ RunTime:0.039042s ]
[ sql ] [ SQL ] SELECT `name`,`value` FROM `max_system` [ RunTime:0.001643s ]
